2018-09-04 16:12:06 -  - exec CUpdateClientPartner::GetUpdatesList
2018-09-04 16:12:06 -  - exec CUpdateClientPartner::__CollectRequestData
2018-09-04 16:12:06 -  - utf=Y&lang=ru&stable=Y&CANGZIP=Y&SUPD_DBS=MYSQL&XE=N&CLIENT_SITE=kargo24.su&LICENSE_KEY=X&SUPD_STS=1&SUPD_URS=0&SUPD_URSA=1&TYPENC=D&CLIENT_PHPVER=7.1.11&NGINX=Y&dbv=5.7.21&instm=main%2C18.0.4%2CY%3Bmessageservice%2C18.0.0%2CN%3Bsearch%2C17.6.0%2CN%3Bcompression%2C16.0.0%2CN%3Bclouds%2C18.0.0%2CN%3Brest%2C18.0.4%2CN%3Bbitrixcloud%2C17.5.0%2CN%3Bseo%2C18.1.0%2CN%3Blanding%2C18.4.21%2CN%3Biblock%2C17.6.8%2CN%3Bhighloadblock%2C17.5.1%2CN%3Bb24connector%2C18.0.0%2CN%3Bfileman%2C18.0.2%2CN%3Btranslate%2C16.0.0%2CN%3Bui%2C17.6.4%2CN%3Bsocialservices%2C18.0.0%2CN%3Bperfmon%2C17.0.1%2CN&SUPD_SRS=RU&SUPD_CMP=N
2018-09-04 16:12:06 -  - exec CUpdateClientPartner::GetHTTPPage
2018-09-04 16:12:07 -  - TIME GetUpdatesList(request) 1.004 sec
2018-09-04 16:12:07 -  - exec CUpdateClientPartner::ParseServerData
2018-09-04 16:12:26 -  - exec CUpdateClientPartner::GetUpdatesList
2018-09-04 16:12:26 -  - exec CUpdateClientPartner::__CollectRequestData
2018-09-04 16:12:26 -  - utf=Y&lang=ru&stable=Y&CANGZIP=Y&SUPD_DBS=MYSQL&XE=N&CLIENT_SITE=kargo24.su&LICENSE_KEY=X&SUPD_STS=1&SUPD_URS=0&SUPD_URSA=1&TYPENC=D&CLIENT_PHPVER=7.1.11&NGINX=Y&dbv=5.7.21&instm=main%2C18.0.4%2CY%3Bmessageservice%2C18.0.0%2CN%3Bsearch%2C17.6.0%2CN%3Bcompression%2C16.0.0%2CN%3Bclouds%2C18.0.0%2CN%3Brest%2C18.0.4%2CN%3Bbitrixcloud%2C17.5.0%2CN%3Bseo%2C18.1.0%2CN%3Blanding%2C18.4.21%2CN%3Biblock%2C17.6.8%2CN%3Bhighloadblock%2C17.5.1%2CN%3Bb24connector%2C18.0.0%2CN%3Bfileman%2C18.0.2%2CN%3Btranslate%2C16.0.0%2CN%3Bui%2C17.6.4%2CN%3Bsocialservices%2C18.0.0%2CN%3Bperfmon%2C17.0.1%2CN&reqm=asd.iblock&SUPD_SRS=RU&SUPD_CMP=N
2018-09-04 16:12:26 -  - exec CUpdateClientPartner::GetHTTPPage
2018-09-04 16:12:26 -  - TIME GetUpdatesList(request) 0.295 sec
2018-09-04 16:12:26 -  - exec CUpdateClientPartner::ParseServerData
2018-09-04 16:12:32 -  - exec CUpdateClientPartner::LoadModulesUpdates
2018-09-04 16:12:32 -  - exec CUpdateClientPartner::__CollectRequestData
2018-09-04 16:12:32 -  - utf=Y&lang=ru&stable=Y&CANGZIP=Y&SUPD_DBS=MYSQL&XE=N&CLIENT_SITE=kargo24.su&LICENSE_KEY=X&SUPD_STS=1&SUPD_URS=0&SUPD_URSA=1&TYPENC=D&CLIENT_PHPVER=7.1.11&NGINX=Y&dbv=5.7.21&instm=main%2C18.0.4%2CY%3Bmessageservice%2C18.0.0%2CN%3Bsearch%2C17.6.0%2CN%3Bcompression%2C16.0.0%2CN%3Bclouds%2C18.0.0%2CN%3Brest%2C18.0.4%2CN%3Bbitrixcloud%2C17.5.0%2CN%3Bseo%2C18.1.0%2CN%3Blanding%2C18.4.21%2CN%3Biblock%2C17.6.8%2CN%3Bhighloadblock%2C17.5.1%2CN%3Bb24connector%2C18.0.0%2CN%3Bfileman%2C18.0.2%2CN%3Btranslate%2C16.0.0%2CN%3Bui%2C17.6.4%2CN%3Bsocialservices%2C18.0.0%2CN%3Bperfmon%2C17.0.1%2CN&reqm=asd.iblock&lim=Y&SUPD_SRS=RU&SUPD_CMP=N
2018-09-04 16:12:32 -  - exec CUpdateClientPartner::GetHTTPPage
2018-09-04 16:12:32 -  - TIME LoadModulesUpdates(request) 0.287 sec
2018-09-04 16:12:32 -  - exec CUpdateClientPartner::ParseServerData
2018-09-04 16:12:32 - S - STEP
2018-09-04 16:12:32 - LMU01 - LoadModulesUpdates-Step
2018-09-04 16:12:32 -  - exec CUpdateClientPartner::LoadModulesUpdates
2018-09-04 16:12:32 -  - exec CUpdateClientPartner::ParseServerData
2018-09-04 16:12:32 -  - loadFile
2018-09-04 16:12:32 - U - RETURN
2018-09-04 16:12:32 -  - exec CUpdateClientPartner::UnGzipArchive
2018-09-04 16:12:32 -  - TIME UnGzipArchive 0.007 sec
2018-09-04 16:12:32 -  - TIME UpdateStepModules 0.009 sec
2018-09-04 16:12:32 - UPD_SUCCESS - Updated: asd.iblock
2018-09-04 16:12:32 -  - exec CUpdateClientPartner::LoadModulesUpdates
2018-09-04 16:12:32 -  - exec CUpdateClientPartner::__CollectRequestData
2018-09-04 16:12:32 -  - utf=Y&lang=ru&stable=Y&CANGZIP=Y&SUPD_DBS=MYSQL&XE=N&CLIENT_SITE=kargo24.su&LICENSE_KEY=X&SUPD_STS=1&SUPD_URS=0&SUPD_URSA=1&TYPENC=D&CLIENT_PHPVER=7.1.11&NGINX=Y&dbv=5.7.21&instm=main%2C18.0.4%2CY%3Basd.iblock%2C1.3.1%2CN%3Bmessageservice%2C18.0.0%2CN%3Bsearch%2C17.6.0%2CN%3Bcompression%2C16.0.0%2CN%3Bclouds%2C18.0.0%2CN%3Brest%2C18.0.4%2CN%3Bbitrixcloud%2C17.5.0%2CN%3Bseo%2C18.1.0%2CN%3Blanding%2C18.4.21%2CN%3Biblock%2C17.6.8%2CN%3Bhighloadblock%2C17.5.1%2CN%3Bb24connector%2C18.0.0%2CN%3Bfileman%2C18.0.2%2CN%3Btranslate%2C16.0.0%2CN%3Bui%2C17.6.4%2CN%3Bsocialservices%2C18.0.0%2CN%3Bperfmon%2C17.0.1%2CN&reqm=asd.iblock&lim=Y&SUPD_SRS=RU&SUPD_CMP=N
2018-09-04 16:12:32 -  - exec CUpdateClientPartner::GetHTTPPage
2018-09-04 16:12:32 -  - TIME LoadModulesUpdates(request) 0.263 sec
2018-09-04 16:12:32 -  - exec CUpdateClientPartner::ParseServerData
2018-09-04 16:12:32 - S - STEP
2018-09-04 16:12:32 - LMU01 - LoadModulesUpdates-Step
2018-09-04 16:12:33 -  - exec CUpdateClientPartner::LoadModulesUpdates
2018-09-04 16:12:33 -  - exec CUpdateClientPartner::ParseServerData
2018-09-04 16:12:33 -  - loadFile
2018-09-04 16:12:33 - U - RETURN
2018-09-04 16:12:33 -  - exec CUpdateClientPartner::UnGzipArchive
2018-09-04 16:12:33 -  - TIME UnGzipArchive 0.002 sec
2018-09-04 16:12:33 -  - TIME UpdateStepModules 0.002 sec
2018-09-04 16:12:33 - UPD_SUCCESS - Updated: asd.iblock (1.3.2)<br>- Корректировка для обновления 11.0.5 главного модуля.
2018-09-04 16:12:33 -  - exec CUpdateClientPartner::LoadModulesUpdates
2018-09-04 16:12:33 -  - exec CUpdateClientPartner::__CollectRequestData
2018-09-04 16:12:33 -  - utf=Y&lang=ru&stable=Y&CANGZIP=Y&SUPD_DBS=MYSQL&XE=N&CLIENT_SITE=kargo24.su&LICENSE_KEY=X&SUPD_STS=1&SUPD_URS=0&SUPD_URSA=1&TYPENC=D&CLIENT_PHPVER=7.1.11&NGINX=Y&dbv=5.7.21&instm=main%2C18.0.4%2CY%3Basd.iblock%2C1.3.2%2CN%3Bmessageservice%2C18.0.0%2CN%3Bsearch%2C17.6.0%2CN%3Bcompression%2C16.0.0%2CN%3Bclouds%2C18.0.0%2CN%3Brest%2C18.0.4%2CN%3Bbitrixcloud%2C17.5.0%2CN%3Bseo%2C18.1.0%2CN%3Blanding%2C18.4.21%2CN%3Biblock%2C17.6.8%2CN%3Bhighloadblock%2C17.5.1%2CN%3Bb24connector%2C18.0.0%2CN%3Bfileman%2C18.0.2%2CN%3Btranslate%2C16.0.0%2CN%3Bui%2C17.6.4%2CN%3Bsocialservices%2C18.0.0%2CN%3Bperfmon%2C17.0.1%2CN&reqm=asd.iblock&lim=Y&SUPD_SRS=RU&SUPD_CMP=N
2018-09-04 16:12:33 -  - exec CUpdateClientPartner::GetHTTPPage
2018-09-04 16:12:33 -  - TIME LoadModulesUpdates(request) 0.273 sec
2018-09-04 16:12:33 -  - exec CUpdateClientPartner::ParseServerData
2018-09-04 16:12:33 - S - STEP
2018-09-04 16:12:33 - LMU01 - LoadModulesUpdates-Step
2018-09-04 16:12:33 -  - exec CUpdateClientPartner::LoadModulesUpdates
2018-09-04 16:12:33 -  - exec CUpdateClientPartner::ParseServerData
2018-09-04 16:12:33 -  - loadFile
2018-09-04 16:12:33 - U - RETURN
2018-09-04 16:12:33 -  - exec CUpdateClientPartner::UnGzipArchive
2018-09-04 16:12:33 -  - TIME UnGzipArchive 0.002 sec
2018-09-04 16:12:33 -  - TIME UpdateStepModules 0.003 sec
2018-09-04 16:12:33 - UPD_SUCCESS - Updated: asd.iblock (1.3.3)<br>- Исправлено копирование свойства типа HTML.
2018-09-04 16:12:33 -  - exec CUpdateClientPartner::LoadModulesUpdates
2018-09-04 16:12:33 -  - exec CUpdateClientPartner::__CollectRequestData
2018-09-04 16:12:33 -  - utf=Y&lang=ru&stable=Y&CANGZIP=Y&SUPD_DBS=MYSQL&XE=N&CLIENT_SITE=kargo24.su&LICENSE_KEY=X&SUPD_STS=1&SUPD_URS=0&SUPD_URSA=1&TYPENC=D&CLIENT_PHPVER=7.1.11&NGINX=Y&dbv=5.7.21&instm=main%2C18.0.4%2CY%3Basd.iblock%2C1.3.3%2CN%3Bmessageservice%2C18.0.0%2CN%3Bsearch%2C17.6.0%2CN%3Bcompression%2C16.0.0%2CN%3Bclouds%2C18.0.0%2CN%3Brest%2C18.0.4%2CN%3Bbitrixcloud%2C17.5.0%2CN%3Bseo%2C18.1.0%2CN%3Blanding%2C18.4.21%2CN%3Biblock%2C17.6.8%2CN%3Bhighloadblock%2C17.5.1%2CN%3Bb24connector%2C18.0.0%2CN%3Bfileman%2C18.0.2%2CN%3Btranslate%2C16.0.0%2CN%3Bui%2C17.6.4%2CN%3Bsocialservices%2C18.0.0%2CN%3Bperfmon%2C17.0.1%2CN&reqm=asd.iblock&lim=Y&SUPD_SRS=RU&SUPD_CMP=N
2018-09-04 16:12:33 -  - exec CUpdateClientPartner::GetHTTPPage
2018-09-04 16:12:34 -  - TIME LoadModulesUpdates(request) 0.3 sec
2018-09-04 16:12:34 -  - exec CUpdateClientPartner::ParseServerData
2018-09-04 16:12:34 - S - STEP
2018-09-04 16:12:34 - LMU01 - LoadModulesUpdates-Step
2018-09-04 16:12:34 -  - exec CUpdateClientPartner::LoadModulesUpdates
2018-09-04 16:12:34 -  - exec CUpdateClientPartner::ParseServerData
2018-09-04 16:12:34 -  - loadFile
2018-09-04 16:12:34 - U - RETURN
2018-09-04 16:12:34 -  - exec CUpdateClientPartner::UnGzipArchive
2018-09-04 16:12:34 -  - TIME UnGzipArchive 0.003 sec
2018-09-04 16:12:34 - CSURUS1 - Run updater '/bitrix/updates/update_m1536066754/asd.iblock/updater1.3.5.php'
2018-09-04 16:12:34 -  - TIME UpdateStepModules 0.003 sec
2018-09-04 16:12:34 - UPD_SUCCESS - Updated: asd.iblock (1.3.5)<br>- Добавлен вывод ошибок при копировании/перемещении.
2018-09-04 16:12:34 -  - exec CUpdateClientPartner::LoadModulesUpdates
2018-09-04 16:12:34 -  - exec CUpdateClientPartner::__CollectRequestData
2018-09-04 16:12:34 -  - utf=Y&lang=ru&stable=Y&CANGZIP=Y&SUPD_DBS=MYSQL&XE=N&CLIENT_SITE=kargo24.su&LICENSE_KEY=X&SUPD_STS=1&SUPD_URS=0&SUPD_URSA=1&TYPENC=D&CLIENT_PHPVER=7.1.11&NGINX=Y&dbv=5.7.21&instm=main%2C18.0.4%2CY%3Basd.iblock%2C1.3.5%2CN%3Bmessageservice%2C18.0.0%2CN%3Bsearch%2C17.6.0%2CN%3Bcompression%2C16.0.0%2CN%3Bclouds%2C18.0.0%2CN%3Brest%2C18.0.4%2CN%3Bbitrixcloud%2C17.5.0%2CN%3Bseo%2C18.1.0%2CN%3Blanding%2C18.4.21%2CN%3Biblock%2C17.6.8%2CN%3Bhighloadblock%2C17.5.1%2CN%3Bb24connector%2C18.0.0%2CN%3Bfileman%2C18.0.2%2CN%3Btranslate%2C16.0.0%2CN%3Bui%2C17.6.4%2CN%3Bsocialservices%2C18.0.0%2CN%3Bperfmon%2C17.0.1%2CN&reqm=asd.iblock&lim=Y&SUPD_SRS=RU&SUPD_CMP=N
2018-09-04 16:12:34 -  - exec CUpdateClientPartner::GetHTTPPage
2018-09-04 16:12:34 -  - TIME LoadModulesUpdates(request) 0.312 sec
2018-09-04 16:12:34 -  - exec CUpdateClientPartner::ParseServerData
2018-09-04 16:12:34 - S - STEP
2018-09-04 16:12:34 - LMU01 - LoadModulesUpdates-Step
2018-09-04 16:12:34 -  - exec CUpdateClientPartner::LoadModulesUpdates
2018-09-04 16:12:34 -  - exec CUpdateClientPartner::ParseServerData
2018-09-04 16:12:34 -  - loadFile
2018-09-04 16:12:34 - U - RETURN
2018-09-04 16:12:34 -  - exec CUpdateClientPartner::UnGzipArchive
2018-09-04 16:12:34 -  - TIME UnGzipArchive 0.007 sec
2018-09-04 16:12:34 - CSURUS1 - Run updater '/bitrix/updates/update_m1536066754/asd.iblock/updater2.0.0.php'
2018-09-04 16:12:34 -  - TIME UpdateStepModules 0.008 sec
2018-09-04 16:12:34 - UPD_SUCCESS - Updated: asd.iblock (2.0.0)<br>- Добавлена возможность импорта/экспорта свойств инфоблока (кнопка находится на панели инструментов на странице редактирования инфоблока). - Изменена структура классов модуля.
2018-09-04 16:12:34 -  - exec CUpdateClientPartner::LoadModulesUpdates
2018-09-04 16:12:34 -  - exec CUpdateClientPartner::__CollectRequestData
2018-09-04 16:12:34 -  - utf=Y&lang=ru&stable=Y&CANGZIP=Y&SUPD_DBS=MYSQL&XE=N&CLIENT_SITE=kargo24.su&LICENSE_KEY=X&SUPD_STS=1&SUPD_URS=0&SUPD_URSA=1&TYPENC=D&CLIENT_PHPVER=7.1.11&NGINX=Y&dbv=5.7.21&instm=main%2C18.0.4%2CY%3Basd.iblock%2C2.0.0%2CN%3Bmessageservice%2C18.0.0%2CN%3Bsearch%2C17.6.0%2CN%3Bcompression%2C16.0.0%2CN%3Bclouds%2C18.0.0%2CN%3Brest%2C18.0.4%2CN%3Bbitrixcloud%2C17.5.0%2CN%3Bseo%2C18.1.0%2CN%3Blanding%2C18.4.21%2CN%3Biblock%2C17.6.8%2CN%3Bhighloadblock%2C17.5.1%2CN%3Bb24connector%2C18.0.0%2CN%3Bfileman%2C18.0.2%2CN%3Btranslate%2C16.0.0%2CN%3Bui%2C17.6.4%2CN%3Bsocialservices%2C18.0.0%2CN%3Bperfmon%2C17.0.1%2CN&reqm=asd.iblock&lim=Y&SUPD_SRS=RU&SUPD_CMP=N
2018-09-04 16:12:34 -  - exec CUpdateClientPartner::GetHTTPPage
2018-09-04 16:12:35 -  - TIME LoadModulesUpdates(request) 0.306 sec
2018-09-04 16:12:35 -  - exec CUpdateClientPartner::ParseServerData
2018-09-04 16:12:35 - S - STEP
2018-09-04 16:12:35 - LMU01 - LoadModulesUpdates-Step
2018-09-04 16:12:35 -  - exec CUpdateClientPartner::LoadModulesUpdates
2018-09-04 16:12:35 -  - exec CUpdateClientPartner::ParseServerData
2018-09-04 16:12:35 -  - loadFile
2018-09-04 16:12:35 - U - RETURN
2018-09-04 16:12:35 -  - exec CUpdateClientPartner::UnGzipArchive
2018-09-04 16:12:35 -  - TIME UnGzipArchive 0.004 sec
2018-09-04 16:12:35 -  - TIME UpdateStepModules 0.002 sec
2018-09-04 16:12:35 - UPD_SUCCESS - Updated: asd.iblock (2.0.1)<br>- Обратная интерфейсная совместимость.
2018-09-04 16:12:35 -  - exec CUpdateClientPartner::LoadModulesUpdates
2018-09-04 16:12:35 -  - exec CUpdateClientPartner::__CollectRequestData
2018-09-04 16:12:35 -  - utf=Y&lang=ru&stable=Y&CANGZIP=Y&SUPD_DBS=MYSQL&XE=N&CLIENT_SITE=kargo24.su&LICENSE_KEY=X&SUPD_STS=1&SUPD_URS=0&SUPD_URSA=1&TYPENC=D&CLIENT_PHPVER=7.1.11&NGINX=Y&dbv=5.7.21&instm=main%2C18.0.4%2CY%3Basd.iblock%2C2.0.1%2CN%3Bmessageservice%2C18.0.0%2CN%3Bsearch%2C17.6.0%2CN%3Bcompression%2C16.0.0%2CN%3Bclouds%2C18.0.0%2CN%3Brest%2C18.0.4%2CN%3Bbitrixcloud%2C17.5.0%2CN%3Bseo%2C18.1.0%2CN%3Blanding%2C18.4.21%2CN%3Biblock%2C17.6.8%2CN%3Bhighloadblock%2C17.5.1%2CN%3Bb24connector%2C18.0.0%2CN%3Bfileman%2C18.0.2%2CN%3Btranslate%2C16.0.0%2CN%3Bui%2C17.6.4%2CN%3Bsocialservices%2C18.0.0%2CN%3Bperfmon%2C17.0.1%2CN&reqm=asd.iblock&lim=Y&SUPD_SRS=RU&SUPD_CMP=N
2018-09-04 16:12:35 -  - exec CUpdateClientPartner::GetHTTPPage
2018-09-04 16:12:35 -  - TIME LoadModulesUpdates(request) 0.324 sec
2018-09-04 16:12:35 -  - exec CUpdateClientPartner::ParseServerData
2018-09-04 16:12:35 - S - STEP
2018-09-04 16:12:35 - LMU01 - LoadModulesUpdates-Step
2018-09-04 16:12:35 -  - exec CUpdateClientPartner::LoadModulesUpdates
2018-09-04 16:12:35 -  - exec CUpdateClientPartner::ParseServerData
2018-09-04 16:12:35 -  - loadFile
2018-09-04 16:12:35 - U - RETURN
2018-09-04 16:12:35 -  - exec CUpdateClientPartner::UnGzipArchive
2018-09-04 16:12:35 -  - TIME UnGzipArchive 0.003 sec
2018-09-04 16:12:35 -  - TIME UpdateStepModules 0.001 sec
2018-09-04 16:12:35 - UPD_SUCCESS - Updated: asd.iblock (2.0.2)<br>- Исправления для импорта в инфоблок без свойств.
2018-09-04 16:12:36 -  - exec CUpdateClientPartner::LoadModulesUpdates
2018-09-04 16:12:36 -  - exec CUpdateClientPartner::__CollectRequestData
2018-09-04 16:12:36 -  - utf=Y&lang=ru&stable=Y&CANGZIP=Y&SUPD_DBS=MYSQL&XE=N&CLIENT_SITE=kargo24.su&LICENSE_KEY=X&SUPD_STS=1&SUPD_URS=0&SUPD_URSA=1&TYPENC=D&CLIENT_PHPVER=7.1.11&NGINX=Y&dbv=5.7.21&instm=main%2C18.0.4%2CY%3Basd.iblock%2C2.0.2%2CN%3Bmessageservice%2C18.0.0%2CN%3Bsearch%2C17.6.0%2CN%3Bcompression%2C16.0.0%2CN%3Bclouds%2C18.0.0%2CN%3Brest%2C18.0.4%2CN%3Bbitrixcloud%2C17.5.0%2CN%3Bseo%2C18.1.0%2CN%3Blanding%2C18.4.21%2CN%3Biblock%2C17.6.8%2CN%3Bhighloadblock%2C17.5.1%2CN%3Bb24connector%2C18.0.0%2CN%3Bfileman%2C18.0.2%2CN%3Btranslate%2C16.0.0%2CN%3Bui%2C17.6.4%2CN%3Bsocialservices%2C18.0.0%2CN%3Bperfmon%2C17.0.1%2CN&reqm=asd.iblock&lim=Y&SUPD_SRS=RU&SUPD_CMP=N
2018-09-04 16:12:36 -  - exec CUpdateClientPartner::GetHTTPPage
2018-09-04 16:12:36 -  - TIME LoadModulesUpdates(request) 0.357 sec
2018-09-04 16:12:36 -  - exec CUpdateClientPartner::ParseServerData
2018-09-04 16:12:36 - S - STEP
2018-09-04 16:12:36 - LMU01 - LoadModulesUpdates-Step
2018-09-04 16:12:36 -  - exec CUpdateClientPartner::LoadModulesUpdates
2018-09-04 16:12:36 -  - exec CUpdateClientPartner::ParseServerData
2018-09-04 16:12:36 -  - loadFile
2018-09-04 16:12:36 - U - RETURN
2018-09-04 16:12:36 -  - exec CUpdateClientPartner::UnGzipArchive
2018-09-04 16:12:36 -  - TIME UnGzipArchive 0.003 sec
2018-09-04 16:12:36 -  - TIME UpdateStepModules 0.003 sec
2018-09-04 16:12:36 - UPD_SUCCESS - Updated: asd.iblock (2.0.4)<br>- Незначительные изменения.
2018-09-04 16:12:36 -  - exec CUpdateClientPartner::LoadModulesUpdates
2018-09-04 16:12:36 -  - exec CUpdateClientPartner::__CollectRequestData
2018-09-04 16:12:36 -  - utf=Y&lang=ru&stable=Y&CANGZIP=Y&SUPD_DBS=MYSQL&XE=N&CLIENT_SITE=kargo24.su&LICENSE_KEY=X&SUPD_STS=1&SUPD_URS=0&SUPD_URSA=1&TYPENC=D&CLIENT_PHPVER=7.1.11&NGINX=Y&dbv=5.7.21&instm=main%2C18.0.4%2CY%3Basd.iblock%2C2.0.4%2CN%3Bmessageservice%2C18.0.0%2CN%3Bsearch%2C17.6.0%2CN%3Bcompression%2C16.0.0%2CN%3Bclouds%2C18.0.0%2CN%3Brest%2C18.0.4%2CN%3Bbitrixcloud%2C17.5.0%2CN%3Bseo%2C18.1.0%2CN%3Blanding%2C18.4.21%2CN%3Biblock%2C17.6.8%2CN%3Bhighloadblock%2C17.5.1%2CN%3Bb24connector%2C18.0.0%2CN%3Bfileman%2C18.0.2%2CN%3Btranslate%2C16.0.0%2CN%3Bui%2C17.6.4%2CN%3Bsocialservices%2C18.0.0%2CN%3Bperfmon%2C17.0.1%2CN&reqm=asd.iblock&lim=Y&SUPD_SRS=RU&SUPD_CMP=N
2018-09-04 16:12:36 -  - exec CUpdateClientPartner::GetHTTPPage
2018-09-04 16:12:36 -  - TIME LoadModulesUpdates(request) 0.311 sec
2018-09-04 16:12:36 -  - exec CUpdateClientPartner::ParseServerData
2018-09-04 16:12:36 - S - STEP
2018-09-04 16:12:36 - LMU01 - LoadModulesUpdates-Step
2018-09-04 16:12:37 -  - exec CUpdateClientPartner::LoadModulesUpdates
2018-09-04 16:12:37 -  - exec CUpdateClientPartner::ParseServerData
2018-09-04 16:12:37 -  - loadFile
2018-09-04 16:12:37 - U - RETURN
2018-09-04 16:12:37 -  - exec CUpdateClientPartner::UnGzipArchive
2018-09-04 16:12:37 -  - TIME UnGzipArchive 0.003 sec
2018-09-04 16:12:37 -  - TIME UpdateStepModules 0.002 sec
2018-09-04 16:12:37 - UPD_SUCCESS - Updated: asd.iblock (2.0.5)<br>- Исправление для неуникальных кодов вариантов списка в пределах одного инфоблока.
2018-09-04 16:12:37 -  - exec CUpdateClientPartner::LoadModulesUpdates
2018-09-04 16:12:37 -  - exec CUpdateClientPartner::__CollectRequestData
2018-09-04 16:12:37 -  - utf=Y&lang=ru&stable=Y&CANGZIP=Y&SUPD_DBS=MYSQL&XE=N&CLIENT_SITE=kargo24.su&LICENSE_KEY=X&SUPD_STS=1&SUPD_URS=0&SUPD_URSA=1&TYPENC=D&CLIENT_PHPVER=7.1.11&NGINX=Y&dbv=5.7.21&instm=main%2C18.0.4%2CY%3Basd.iblock%2C2.0.5%2CN%3Bmessageservice%2C18.0.0%2CN%3Bsearch%2C17.6.0%2CN%3Bcompression%2C16.0.0%2CN%3Bclouds%2C18.0.0%2CN%3Brest%2C18.0.4%2CN%3Bbitrixcloud%2C17.5.0%2CN%3Bseo%2C18.1.0%2CN%3Blanding%2C18.4.21%2CN%3Biblock%2C17.6.8%2CN%3Bhighloadblock%2C17.5.1%2CN%3Bb24connector%2C18.0.0%2CN%3Bfileman%2C18.0.2%2CN%3Btranslate%2C16.0.0%2CN%3Bui%2C17.6.4%2CN%3Bsocialservices%2C18.0.0%2CN%3Bperfmon%2C17.0.1%2CN&reqm=asd.iblock&lim=Y&SUPD_SRS=RU&SUPD_CMP=N
2018-09-04 16:12:37 -  - exec CUpdateClientPartner::GetHTTPPage
2018-09-04 16:12:37 -  - TIME LoadModulesUpdates(request) 0.315 sec
2018-09-04 16:12:37 -  - exec CUpdateClientPartner::ParseServerData
2018-09-04 16:12:37 - S - STEP
2018-09-04 16:12:37 - LMU01 - LoadModulesUpdates-Step
2018-09-04 16:12:37 -  - exec CUpdateClientPartner::LoadModulesUpdates
2018-09-04 16:12:37 -  - exec CUpdateClientPartner::ParseServerData
2018-09-04 16:12:37 -  - loadFile
2018-09-04 16:12:37 - U - RETURN
2018-09-04 16:12:37 -  - exec CUpdateClientPartner::UnGzipArchive
2018-09-04 16:12:37 -  - TIME UnGzipArchive 0.004 sec
2018-09-04 16:12:37 - CSURUS1 - Run updater '/bitrix/updates/update_m1536066757/asd.iblock/updater2.0.7.php'
2018-09-04 16:12:37 -  - TIME UpdateStepModules 0.004 sec
2018-09-04 16:12:37 - UPD_SUCCESS - Updated: asd.iblock (2.0.7)<br>- Jquery теперь подключается системно. 
2018-09-04 16:12:37 -  - exec CUpdateClientPartner::LoadModulesUpdates
2018-09-04 16:12:37 -  - exec CUpdateClientPartner::__CollectRequestData
2018-09-04 16:12:37 -  - utf=Y&lang=ru&stable=Y&CANGZIP=Y&SUPD_DBS=MYSQL&XE=N&CLIENT_SITE=kargo24.su&LICENSE_KEY=X&SUPD_STS=1&SUPD_URS=0&SUPD_URSA=1&TYPENC=D&CLIENT_PHPVER=7.1.11&NGINX=Y&dbv=5.7.21&instm=main%2C18.0.4%2CY%3Basd.iblock%2C2.0.7%2CN%3Bmessageservice%2C18.0.0%2CN%3Bsearch%2C17.6.0%2CN%3Bcompression%2C16.0.0%2CN%3Bclouds%2C18.0.0%2CN%3Brest%2C18.0.4%2CN%3Bbitrixcloud%2C17.5.0%2CN%3Bseo%2C18.1.0%2CN%3Blanding%2C18.4.21%2CN%3Biblock%2C17.6.8%2CN%3Bhighloadblock%2C17.5.1%2CN%3Bb24connector%2C18.0.0%2CN%3Bfileman%2C18.0.2%2CN%3Btranslate%2C16.0.0%2CN%3Bui%2C17.6.4%2CN%3Bsocialservices%2C18.0.0%2CN%3Bperfmon%2C17.0.1%2CN&reqm=asd.iblock&lim=Y&SUPD_SRS=RU&SUPD_CMP=N
2018-09-04 16:12:37 -  - exec CUpdateClientPartner::GetHTTPPage
2018-09-04 16:12:38 -  - TIME LoadModulesUpdates(request) 0.346 sec
2018-09-04 16:12:38 -  - exec CUpdateClientPartner::ParseServerData
2018-09-04 16:12:38 - S - STEP
2018-09-04 16:12:38 - LMU01 - LoadModulesUpdates-Step
2018-09-04 16:12:38 -  - exec CUpdateClientPartner::LoadModulesUpdates
2018-09-04 16:12:38 -  - exec CUpdateClientPartner::ParseServerData
2018-09-04 16:12:38 -  - loadFile
2018-09-04 16:12:38 - U - RETURN
2018-09-04 16:12:38 -  - exec CUpdateClientPartner::UnGzipArchive
2018-09-04 16:12:38 -  - TIME UnGzipArchive 0.013 sec
2018-09-04 16:12:38 - CSURUS1 - Run updater '/bitrix/updates/update_m1536066758/asd.iblock/updater3.0.0.php'
2018-09-04 16:12:38 -  - TIME UpdateStepModules 0.012 sec
2018-09-04 16:12:38 - UPD_SUCCESS - Updated: asd.iblock (3.0.0)<br><ul> <li>Реализована полная поддержка каталога (цены, остатки). За посильную помощь спасибо Василию Бернгардту. </li> <li>Добавлена опция \"Отвязать от текущего раздела\". </li> <li>Добавлена возможность копировать/перемещать в конкретный раздел инфоблока.</li> <li>Добавлен новый тип свойств \"Простой чекбокс\".</li> <li>В карточке товара добавлена кнопка \"посмотреть в публичной части\".</li> <li>Реализован выбор свойств для экспорта, прибран формат XML, файл экспорта теперь сохраняется на диске, перед отдачей.</li> <li>Теперь символьный код проверяется на уникальность, и если таковой нет, создает ее, дополняя случайными числами. Необходимо для инфоблоков, где символьный код является частью URL. </li> <li>Более корректное подключение скриптов и библиотек.</li> <li>Исправлена ошибка с копированием/перемещением элементов (не копировалось свойство типа \"список\").</li> <li>Косметические изменения в коде инсталятора.</li> <li>Подробнее: http://dev.1c-bitrix.ru/community/webdev/user/11948/blog/7272/</li> </ul>
2018-09-04 16:12:38 -  - exec CUpdateClientPartner::LoadModulesUpdates
2018-09-04 16:12:38 -  - exec CUpdateClientPartner::__CollectRequestData
2018-09-04 16:12:38 -  - utf=Y&lang=ru&stable=Y&CANGZIP=Y&SUPD_DBS=MYSQL&XE=N&CLIENT_SITE=kargo24.su&LICENSE_KEY=X&SUPD_STS=1&SUPD_URS=0&SUPD_URSA=1&TYPENC=D&CLIENT_PHPVER=7.1.11&NGINX=Y&dbv=5.7.21&instm=main%2C18.0.4%2CY%3Basd.iblock%2C3.0.0%2CN%3Bmessageservice%2C18.0.0%2CN%3Bsearch%2C17.6.0%2CN%3Bcompression%2C16.0.0%2CN%3Bclouds%2C18.0.0%2CN%3Brest%2C18.0.4%2CN%3Bbitrixcloud%2C17.5.0%2CN%3Bseo%2C18.1.0%2CN%3Blanding%2C18.4.21%2CN%3Biblock%2C17.6.8%2CN%3Bhighloadblock%2C17.5.1%2CN%3Bb24connector%2C18.0.0%2CN%3Bfileman%2C18.0.2%2CN%3Btranslate%2C16.0.0%2CN%3Bui%2C17.6.4%2CN%3Bsocialservices%2C18.0.0%2CN%3Bperfmon%2C17.0.1%2CN&reqm=asd.iblock&lim=Y&SUPD_SRS=RU&SUPD_CMP=N
2018-09-04 16:12:38 -  - exec CUpdateClientPartner::GetHTTPPage
2018-09-04 16:12:38 -  - TIME LoadModulesUpdates(request) 0.394 sec
2018-09-04 16:12:38 -  - exec CUpdateClientPartner::ParseServerData
2018-09-04 16:12:38 - S - STEP
2018-09-04 16:12:38 - LMU01 - LoadModulesUpdates-Step
2018-09-04 16:12:38 -  - exec CUpdateClientPartner::LoadModulesUpdates
2018-09-04 16:12:38 -  - exec CUpdateClientPartner::ParseServerData
2018-09-04 16:12:38 -  - loadFile
2018-09-04 16:12:38 - U - RETURN
2018-09-04 16:12:38 -  - exec CUpdateClientPartner::UnGzipArchive
2018-09-04 16:12:38 -  - TIME UnGzipArchive 0.003 sec
2018-09-04 16:12:38 - CSURUS1 - Run updater '/bitrix/updates/update_m1536066758/asd.iblock/updater3.0.1.php'
2018-09-04 16:12:38 -  - TIME UpdateStepModules 0.002 sec
2018-09-04 16:12:38 - UPD_SUCCESS - Updated: asd.iblock (3.0.1)<br>- Незначительные исправления.
2018-09-04 16:12:38 -  - exec CUpdateClientPartner::LoadModulesUpdates
2018-09-04 16:12:38 -  - exec CUpdateClientPartner::__CollectRequestData
2018-09-04 16:12:39 -  - utf=Y&lang=ru&stable=Y&CANGZIP=Y&SUPD_DBS=MYSQL&XE=N&CLIENT_SITE=kargo24.su&LICENSE_KEY=X&SUPD_STS=1&SUPD_URS=0&SUPD_URSA=1&TYPENC=D&CLIENT_PHPVER=7.1.11&NGINX=Y&dbv=5.7.21&instm=main%2C18.0.4%2CY%3Basd.iblock%2C3.0.1%2CN%3Bmessageservice%2C18.0.0%2CN%3Bsearch%2C17.6.0%2CN%3Bcompression%2C16.0.0%2CN%3Bclouds%2C18.0.0%2CN%3Brest%2C18.0.4%2CN%3Bbitrixcloud%2C17.5.0%2CN%3Bseo%2C18.1.0%2CN%3Blanding%2C18.4.21%2CN%3Biblock%2C17.6.8%2CN%3Bhighloadblock%2C17.5.1%2CN%3Bb24connector%2C18.0.0%2CN%3Bfileman%2C18.0.2%2CN%3Btranslate%2C16.0.0%2CN%3Bui%2C17.6.4%2CN%3Bsocialservices%2C18.0.0%2CN%3Bperfmon%2C17.0.1%2CN&reqm=asd.iblock&lim=Y&SUPD_SRS=RU&SUPD_CMP=N
2018-09-04 16:12:39 -  - exec CUpdateClientPartner::GetHTTPPage
2018-09-04 16:12:39 -  - TIME LoadModulesUpdates(request) 0.323 sec
2018-09-04 16:12:39 -  - exec CUpdateClientPartner::ParseServerData
2018-09-04 16:12:39 - S - STEP
2018-09-04 16:12:39 - LMU01 - LoadModulesUpdates-Step
2018-09-04 16:12:39 -  - exec CUpdateClientPartner::LoadModulesUpdates
2018-09-04 16:12:39 -  - exec CUpdateClientPartner::ParseServerData
2018-09-04 16:12:39 -  - loadFile
2018-09-04 16:12:39 - U - RETURN
2018-09-04 16:12:39 -  - exec CUpdateClientPartner::UnGzipArchive
2018-09-04 16:12:39 -  - TIME UnGzipArchive 0.003 sec
2018-09-04 16:12:39 - CSURUS1 - Run updater '/bitrix/updates/update_m1536066759/asd.iblock/updater3.0.2.php'
2018-09-04 16:12:39 -  - TIME UpdateStepModules 0.001 sec
2018-09-04 16:12:39 - UPD_SUCCESS - Updated: asd.iblock (3.0.2)<br>- Автоматическое создание обработчика типа свойства при установленном модуле.
2018-09-04 16:12:39 -  - exec CUpdateClientPartner::LoadModulesUpdates
2018-09-04 16:12:39 -  - exec CUpdateClientPartner::__CollectRequestData
2018-09-04 16:12:39 -  - utf=Y&lang=ru&stable=Y&CANGZIP=Y&SUPD_DBS=MYSQL&XE=N&CLIENT_SITE=kargo24.su&LICENSE_KEY=X&SUPD_STS=1&SUPD_URS=0&SUPD_URSA=1&TYPENC=D&CLIENT_PHPVER=7.1.11&NGINX=Y&dbv=5.7.21&instm=main%2C18.0.4%2CY%3Basd.iblock%2C3.0.2%2CN%3Bmessageservice%2C18.0.0%2CN%3Bsearch%2C17.6.0%2CN%3Bcompression%2C16.0.0%2CN%3Bclouds%2C18.0.0%2CN%3Brest%2C18.0.4%2CN%3Bbitrixcloud%2C17.5.0%2CN%3Bseo%2C18.1.0%2CN%3Blanding%2C18.4.21%2CN%3Biblock%2C17.6.8%2CN%3Bhighloadblock%2C17.5.1%2CN%3Bb24connector%2C18.0.0%2CN%3Bfileman%2C18.0.2%2CN%3Btranslate%2C16.0.0%2CN%3Bui%2C17.6.4%2CN%3Bsocialservices%2C18.0.0%2CN%3Bperfmon%2C17.0.1%2CN&reqm=asd.iblock&lim=Y&SUPD_SRS=RU&SUPD_CMP=N
2018-09-04 16:12:39 -  - exec CUpdateClientPartner::GetHTTPPage
2018-09-04 16:12:39 -  - TIME LoadModulesUpdates(request) 0.292 sec
2018-09-04 16:12:39 -  - exec CUpdateClientPartner::ParseServerData
2018-09-04 16:12:39 - S - STEP
2018-09-04 16:12:39 - LMU01 - LoadModulesUpdates-Step
2018-09-04 16:12:39 -  - exec CUpdateClientPartner::LoadModulesUpdates
2018-09-04 16:12:39 -  - exec CUpdateClientPartner::ParseServerData
2018-09-04 16:12:39 -  - loadFile
2018-09-04 16:12:40 - U - RETURN
2018-09-04 16:12:40 -  - exec CUpdateClientPartner::UnGzipArchive
2018-09-04 16:12:40 -  - TIME UnGzipArchive 0.007 sec
2018-09-04 16:12:40 - CSURUS1 - Run updater '/bitrix/updates/update_m1536066760/asd.iblock/updater3.1.0.php'
2018-09-04 16:12:40 -  - TIME UpdateStepModules 0.009 sec
2018-09-04 16:12:40 - UPD_SUCCESS - Updated: asd.iblock (3.1.0)<br>- Тип свойства \"Простой чекбокс\" разделен на числовой и строковый типы. - Добавлена возможность настройки принимаемых значений простого чекбокса.
2018-09-04 16:12:40 -  - exec CUpdateClientPartner::LoadModulesUpdates
2018-09-04 16:12:40 -  - exec CUpdateClientPartner::__CollectRequestData
2018-09-04 16:12:40 -  - utf=Y&lang=ru&stable=Y&CANGZIP=Y&SUPD_DBS=MYSQL&XE=N&CLIENT_SITE=kargo24.su&LICENSE_KEY=X&SUPD_STS=1&SUPD_URS=0&SUPD_URSA=1&TYPENC=D&CLIENT_PHPVER=7.1.11&NGINX=Y&dbv=5.7.21&instm=main%2C18.0.4%2CY%3Basd.iblock%2C3.1.0%2CN%3Bmessageservice%2C18.0.0%2CN%3Bsearch%2C17.6.0%2CN%3Bcompression%2C16.0.0%2CN%3Bclouds%2C18.0.0%2CN%3Brest%2C18.0.4%2CN%3Bbitrixcloud%2C17.5.0%2CN%3Bseo%2C18.1.0%2CN%3Blanding%2C18.4.21%2CN%3Biblock%2C17.6.8%2CN%3Bhighloadblock%2C17.5.1%2CN%3Bb24connector%2C18.0.0%2CN%3Bfileman%2C18.0.2%2CN%3Btranslate%2C16.0.0%2CN%3Bui%2C17.6.4%2CN%3Bsocialservices%2C18.0.0%2CN%3Bperfmon%2C17.0.1%2CN&reqm=asd.iblock&lim=Y&SUPD_SRS=RU&SUPD_CMP=N
2018-09-04 16:12:40 -  - exec CUpdateClientPartner::GetHTTPPage
2018-09-04 16:12:40 -  - TIME LoadModulesUpdates(request) 0.268 sec
2018-09-04 16:12:40 -  - exec CUpdateClientPartner::ParseServerData
2018-09-04 16:12:40 - S - STEP
2018-09-04 16:12:40 - LMU01 - LoadModulesUpdates-Step
2018-09-04 16:12:40 -  - exec CUpdateClientPartner::LoadModulesUpdates
2018-09-04 16:12:40 -  - exec CUpdateClientPartner::ParseServerData
2018-09-04 16:12:40 -  - loadFile
2018-09-04 16:12:40 - U - RETURN
2018-09-04 16:12:40 -  - exec CUpdateClientPartner::UnGzipArchive
2018-09-04 16:12:40 -  - TIME UnGzipArchive 0.005 sec
2018-09-04 16:12:40 - CSURUS1 - Run updater '/bitrix/updates/update_m1536066760/asd.iblock/updater3.5.0.php'
2018-09-04 16:12:40 -  - TIME UpdateStepModules 0.004 sec
2018-09-04 16:12:40 - UPD_SUCCESS - Updated: asd.iblock (3.5.0)<br>- Добавлены пользовательские свойства инфоблоков: http://dev.1c-bitrix.ru/community/webdev/user/11948/blog/7307/
2018-09-04 16:12:40 -  - exec CUpdateClientPartner::LoadModulesUpdates
2018-09-04 16:12:40 -  - exec CUpdateClientPartner::__CollectRequestData
2018-09-04 16:12:40 -  - utf=Y&lang=ru&stable=Y&CANGZIP=Y&SUPD_DBS=MYSQL&XE=N&CLIENT_SITE=kargo24.su&LICENSE_KEY=X&SUPD_STS=1&SUPD_URS=0&SUPD_URSA=1&TYPENC=D&CLIENT_PHPVER=7.1.11&NGINX=Y&dbv=5.7.21&instm=main%2C18.0.4%2CY%3Basd.iblock%2C3.5.0%2CN%3Bmessageservice%2C18.0.0%2CN%3Bsearch%2C17.6.0%2CN%3Bcompression%2C16.0.0%2CN%3Bclouds%2C18.0.0%2CN%3Brest%2C18.0.4%2CN%3Bbitrixcloud%2C17.5.0%2CN%3Bseo%2C18.1.0%2CN%3Blanding%2C18.4.21%2CN%3Biblock%2C17.6.8%2CN%3Bhighloadblock%2C17.5.1%2CN%3Bb24connector%2C18.0.0%2CN%3Bfileman%2C18.0.2%2CN%3Btranslate%2C16.0.0%2CN%3Bui%2C17.6.4%2CN%3Bsocialservices%2C18.0.0%2CN%3Bperfmon%2C17.0.1%2CN&reqm=asd.iblock&lim=Y&SUPD_SRS=RU&SUPD_CMP=N
2018-09-04 16:12:40 -  - exec CUpdateClientPartner::GetHTTPPage
2018-09-04 16:12:40 -  - TIME LoadModulesUpdates(request) 0.288 sec
2018-09-04 16:12:40 -  - exec CUpdateClientPartner::ParseServerData
2018-09-04 16:12:40 - S - STEP
2018-09-04 16:12:40 - LMU01 - LoadModulesUpdates-Step
2018-09-04 16:12:41 -  - exec CUpdateClientPartner::LoadModulesUpdates
2018-09-04 16:12:41 -  - exec CUpdateClientPartner::ParseServerData
2018-09-04 16:12:41 -  - loadFile
2018-09-04 16:12:41 - U - RETURN
2018-09-04 16:12:41 -  - exec CUpdateClientPartner::UnGzipArchive
2018-09-04 16:12:41 -  - TIME UnGzipArchive 0.004 sec
2018-09-04 16:12:41 - CSURUS1 - Run updater '/bitrix/updates/update_m1536066761/asd.iblock/updater3.5.1.php'
2018-09-04 16:12:41 -  - TIME UpdateStepModules 0.002 sec
2018-09-04 16:12:41 - UPD_SUCCESS - Updated: asd.iblock (3.5.1)<br>- Мелкие изменения.
2018-09-04 16:12:41 -  - exec CUpdateClientPartner::LoadModulesUpdates
2018-09-04 16:12:41 -  - exec CUpdateClientPartner::__CollectRequestData
2018-09-04 16:12:41 -  - utf=Y&lang=ru&stable=Y&CANGZIP=Y&SUPD_DBS=MYSQL&XE=N&CLIENT_SITE=kargo24.su&LICENSE_KEY=X&SUPD_STS=1&SUPD_URS=0&SUPD_URSA=1&TYPENC=D&CLIENT_PHPVER=7.1.11&NGINX=Y&dbv=5.7.21&instm=main%2C18.0.4%2CY%3Basd.iblock%2C3.5.1%2CN%3Bmessageservice%2C18.0.0%2CN%3Bsearch%2C17.6.0%2CN%3Bcompression%2C16.0.0%2CN%3Bclouds%2C18.0.0%2CN%3Brest%2C18.0.4%2CN%3Bbitrixcloud%2C17.5.0%2CN%3Bseo%2C18.1.0%2CN%3Blanding%2C18.4.21%2CN%3Biblock%2C17.6.8%2CN%3Bhighloadblock%2C17.5.1%2CN%3Bb24connector%2C18.0.0%2CN%3Bfileman%2C18.0.2%2CN%3Btranslate%2C16.0.0%2CN%3Bui%2C17.6.4%2CN%3Bsocialservices%2C18.0.0%2CN%3Bperfmon%2C17.0.1%2CN&reqm=asd.iblock&lim=Y&SUPD_SRS=RU&SUPD_CMP=N
2018-09-04 16:12:41 -  - exec CUpdateClientPartner::GetHTTPPage
2018-09-04 16:12:41 -  - TIME LoadModulesUpdates(request) 0.276 sec
2018-09-04 16:12:41 -  - exec CUpdateClientPartner::ParseServerData
2018-09-04 16:12:41 - S - STEP
2018-09-04 16:12:41 - LMU01 - LoadModulesUpdates-Step
2018-09-04 16:12:41 -  - exec CUpdateClientPartner::LoadModulesUpdates
2018-09-04 16:12:41 -  - exec CUpdateClientPartner::ParseServerData
2018-09-04 16:12:41 -  - loadFile
2018-09-04 16:12:41 - U - RETURN
2018-09-04 16:12:41 -  - exec CUpdateClientPartner::UnGzipArchive
2018-09-04 16:12:41 -  - TIME UnGzipArchive 0.007 sec
2018-09-04 16:12:41 - CSURUS1 - Run updater '/bitrix/updates/update_m1536066761/asd.iblock/updater3.5.2.php'
2018-09-04 16:12:41 -  - TIME UpdateStepModules 0.007 sec
2018-09-04 16:12:41 - UPD_SUCCESS - Updated: asd.iblock (3.5.2)<br>- Исправление ошибки копирования в списке при уникальности символьного кода. 
2018-09-04 16:12:41 -  - exec CUpdateClientPartner::LoadModulesUpdates
2018-09-04 16:12:41 -  - exec CUpdateClientPartner::__CollectRequestData
2018-09-04 16:12:41 -  - utf=Y&lang=ru&stable=Y&CANGZIP=Y&SUPD_DBS=MYSQL&XE=N&CLIENT_SITE=kargo24.su&LICENSE_KEY=X&SUPD_STS=1&SUPD_URS=0&SUPD_URSA=1&TYPENC=D&CLIENT_PHPVER=7.1.11&NGINX=Y&dbv=5.7.21&instm=main%2C18.0.4%2CY%3Basd.iblock%2C3.5.2%2CN%3Bmessageservice%2C18.0.0%2CN%3Bsearch%2C17.6.0%2CN%3Bcompression%2C16.0.0%2CN%3Bclouds%2C18.0.0%2CN%3Brest%2C18.0.4%2CN%3Bbitrixcloud%2C17.5.0%2CN%3Bseo%2C18.1.0%2CN%3Blanding%2C18.4.21%2CN%3Biblock%2C17.6.8%2CN%3Bhighloadblock%2C17.5.1%2CN%3Bb24connector%2C18.0.0%2CN%3Bfileman%2C18.0.2%2CN%3Btranslate%2C16.0.0%2CN%3Bui%2C17.6.4%2CN%3Bsocialservices%2C18.0.0%2CN%3Bperfmon%2C17.0.1%2CN&reqm=asd.iblock&lim=Y&SUPD_SRS=RU&SUPD_CMP=N
2018-09-04 16:12:41 -  - exec CUpdateClientPartner::GetHTTPPage
2018-09-04 16:12:42 -  - TIME LoadModulesUpdates(request) 0.28 sec
2018-09-04 16:12:42 -  - exec CUpdateClientPartner::ParseServerData
2018-09-04 16:12:42 - S - STEP
2018-09-04 16:12:42 - LMU01 - LoadModulesUpdates-Step
2018-09-04 16:12:42 -  - exec CUpdateClientPartner::LoadModulesUpdates
2018-09-04 16:12:42 -  - exec CUpdateClientPartner::ParseServerData
2018-09-04 16:12:42 -  - loadFile
2018-09-04 16:12:42 - U - RETURN
2018-09-04 16:12:42 -  - exec CUpdateClientPartner::UnGzipArchive
2018-09-04 16:12:42 -  - TIME UnGzipArchive 0.024 sec
2018-09-04 16:12:42 - CSURUS1 - Run updater '/bitrix/updates/update_m1536066762/asd.iblock/updater4.0.0.php'
2018-09-04 16:12:42 -  - TIME UpdateStepModules 0.02 sec
2018-09-04 16:12:42 - UPD_SUCCESS - Updated: asd.iblock (4.0.0)<br><li> Удобное редактирование с перескакиванием по ячейкам! <li> Добавлен тип свойства \"Палитра\". <li> Реализовано копирование секций (без подсекций и элементов). <li> Свойство \"простой чекбокс\" поддерживает вывод в публичной части. <li> Переработана система прав под новые версии. <li> Разработчикам: добавлен метод CASDiblockTools::SetIBUF($IBLOCK_ID, $arFields) для сохранения пользовательских свойств инфоблока. <li> При переносе/копировании элементов в другой инфоблок списки теперь сохраняются даже при различных XML_ID вариантов, в случае их разности за сравнение берется название вариантов. <li> Исправлена ошибка сохранения пользовательского свойства инфоблока списочного типа. <li> Прочие незначительные улучшения и изменения. <li> Поиск и исправления notice PHP. 
2018-09-04 16:12:42 -  - exec CUpdateClientPartner::LoadModulesUpdates
2018-09-04 16:12:42 -  - exec CUpdateClientPartner::__CollectRequestData
2018-09-04 16:12:42 -  - utf=Y&lang=ru&stable=Y&CANGZIP=Y&SUPD_DBS=MYSQL&XE=N&CLIENT_SITE=kargo24.su&LICENSE_KEY=X&SUPD_STS=1&SUPD_URS=0&SUPD_URSA=1&TYPENC=D&CLIENT_PHPVER=7.1.11&NGINX=Y&dbv=5.7.21&instm=main%2C18.0.4%2CY%3Basd.iblock%2C4.0.0%2CN%3Bmessageservice%2C18.0.0%2CN%3Bsearch%2C17.6.0%2CN%3Bcompression%2C16.0.0%2CN%3Bclouds%2C18.0.0%2CN%3Brest%2C18.0.4%2CN%3Bbitrixcloud%2C17.5.0%2CN%3Bseo%2C18.1.0%2CN%3Blanding%2C18.4.21%2CN%3Biblock%2C17.6.8%2CN%3Bhighloadblock%2C17.5.1%2CN%3Bb24connector%2C18.0.0%2CN%3Bfileman%2C18.0.2%2CN%3Btranslate%2C16.0.0%2CN%3Bui%2C17.6.4%2CN%3Bsocialservices%2C18.0.0%2CN%3Bperfmon%2C17.0.1%2CN&reqm=asd.iblock&lim=Y&SUPD_SRS=RU&SUPD_CMP=N
2018-09-04 16:12:42 -  - exec CUpdateClientPartner::GetHTTPPage
2018-09-04 16:12:42 -  - TIME LoadModulesUpdates(request) 0.357 sec
2018-09-04 16:12:42 -  - exec CUpdateClientPartner::ParseServerData
2018-09-04 16:12:42 - S - STEP
2018-09-04 16:12:42 - LMU01 - LoadModulesUpdates-Step
2018-09-04 16:12:42 -  - exec CUpdateClientPartner::LoadModulesUpdates
2018-09-04 16:12:42 -  - exec CUpdateClientPartner::ParseServerData
2018-09-04 16:12:42 -  - loadFile
2018-09-04 16:12:43 - U - RETURN
2018-09-04 16:12:43 -  - exec CUpdateClientPartner::UnGzipArchive
2018-09-04 16:12:43 -  - TIME UnGzipArchive 0.003 sec
2018-09-04 16:12:43 - CSURUS1 - Run updater '/bitrix/updates/update_m1536066763/asd.iblock/updater4.0.1.php'
2018-09-04 16:12:43 -  - TIME UpdateStepModules 0.002 sec
2018-09-04 16:12:43 - UPD_SUCCESS - Updated: asd.iblock (4.0.1)<br>- Мелкие исправления js-скрипта.
2018-09-04 16:12:43 -  - exec CUpdateClientPartner::LoadModulesUpdates
2018-09-04 16:12:43 -  - exec CUpdateClientPartner::__CollectRequestData
2018-09-04 16:12:43 -  - utf=Y&lang=ru&stable=Y&CANGZIP=Y&SUPD_DBS=MYSQL&XE=N&CLIENT_SITE=kargo24.su&LICENSE_KEY=X&SUPD_STS=1&SUPD_URS=0&SUPD_URSA=1&TYPENC=D&CLIENT_PHPVER=7.1.11&NGINX=Y&dbv=5.7.21&instm=main%2C18.0.4%2CY%3Basd.iblock%2C4.0.1%2CN%3Bmessageservice%2C18.0.0%2CN%3Bsearch%2C17.6.0%2CN%3Bcompression%2C16.0.0%2CN%3Bclouds%2C18.0.0%2CN%3Brest%2C18.0.4%2CN%3Bbitrixcloud%2C17.5.0%2CN%3Bseo%2C18.1.0%2CN%3Blanding%2C18.4.21%2CN%3Biblock%2C17.6.8%2CN%3Bhighloadblock%2C17.5.1%2CN%3Bb24connector%2C18.0.0%2CN%3Bfileman%2C18.0.2%2CN%3Btranslate%2C16.0.0%2CN%3Bui%2C17.6.4%2CN%3Bsocialservices%2C18.0.0%2CN%3Bperfmon%2C17.0.1%2CN&reqm=asd.iblock&lim=Y&SUPD_SRS=RU&SUPD_CMP=N
2018-09-04 16:12:43 -  - exec CUpdateClientPartner::GetHTTPPage
2018-09-04 16:12:43 -  - TIME LoadModulesUpdates(request) 0.35 sec
2018-09-04 16:12:43 -  - exec CUpdateClientPartner::ParseServerData
2018-09-04 16:12:43 - S - STEP
2018-09-04 16:12:43 - LMU01 - LoadModulesUpdates-Step
2018-09-04 16:12:43 -  - exec CUpdateClientPartner::LoadModulesUpdates
2018-09-04 16:12:43 -  - exec CUpdateClientPartner::ParseServerData
2018-09-04 16:12:43 -  - loadFile
2018-09-04 16:12:43 - U - RETURN
2018-09-04 16:12:43 -  - exec CUpdateClientPartner::UnGzipArchive
2018-09-04 16:12:43 -  - TIME UnGzipArchive 0.004 sec
2018-09-04 16:12:43 - CSURUS1 - Run updater '/bitrix/updates/update_m1536066763/asd.iblock/updater4.0.2.php'
2018-09-04 16:12:43 -  - TIME UpdateStepModules 0.003 sec
2018-09-04 16:12:43 - UPD_SUCCESS - Updated: asd.iblock (4.0.2)<br>- Регистрация обработчика Палитры.
2018-09-04 16:12:43 -  - exec CUpdateClientPartner::LoadModulesUpdates
2018-09-04 16:12:43 -  - exec CUpdateClientPartner::__CollectRequestData
2018-09-04 16:12:43 -  - utf=Y&lang=ru&stable=Y&CANGZIP=Y&SUPD_DBS=MYSQL&XE=N&CLIENT_SITE=kargo24.su&LICENSE_KEY=X&SUPD_STS=1&SUPD_URS=0&SUPD_URSA=1&TYPENC=D&CLIENT_PHPVER=7.1.11&NGINX=Y&dbv=5.7.21&instm=main%2C18.0.4%2CY%3Basd.iblock%2C4.0.2%2CN%3Bmessageservice%2C18.0.0%2CN%3Bsearch%2C17.6.0%2CN%3Bcompression%2C16.0.0%2CN%3Bclouds%2C18.0.0%2CN%3Brest%2C18.0.4%2CN%3Bbitrixcloud%2C17.5.0%2CN%3Bseo%2C18.1.0%2CN%3Blanding%2C18.4.21%2CN%3Biblock%2C17.6.8%2CN%3Bhighloadblock%2C17.5.1%2CN%3Bb24connector%2C18.0.0%2CN%3Bfileman%2C18.0.2%2CN%3Btranslate%2C16.0.0%2CN%3Bui%2C17.6.4%2CN%3Bsocialservices%2C18.0.0%2CN%3Bperfmon%2C17.0.1%2CN&reqm=asd.iblock&lim=Y&SUPD_SRS=RU&SUPD_CMP=N
2018-09-04 16:12:43 -  - exec CUpdateClientPartner::GetHTTPPage
2018-09-04 16:12:44 -  - TIME LoadModulesUpdates(request) 0.302 sec
2018-09-04 16:12:44 -  - exec CUpdateClientPartner::ParseServerData
2018-09-04 16:12:44 - S - STEP
2018-09-04 16:12:44 - LMU01 - LoadModulesUpdates-Step
2018-09-04 16:12:44 -  - exec CUpdateClientPartner::LoadModulesUpdates
2018-09-04 16:12:44 -  - exec CUpdateClientPartner::ParseServerData
2018-09-04 16:12:44 -  - loadFile
2018-09-04 16:12:44 - U - RETURN
2018-09-04 16:12:44 -  - exec CUpdateClientPartner::UnGzipArchive
2018-09-04 16:12:44 -  - TIME UnGzipArchive 0.007 sec
2018-09-04 16:12:44 - CSURUS1 - Run updater '/bitrix/updates/update_m1536066764/asd.iblock/updater4.5.0.php'
2018-09-04 16:12:44 -  - TIME UpdateStepModules 0.006 sec
2018-09-04 16:12:44 - UPD_SUCCESS - Updated: asd.iblock (4.5.0)<br><li> Добавлен экспорт/импорт форм представления форм секций и элементов. <li> В интерфейсе Эрмитажа добавлена ссылка на элемент в админ.части. <li> В блоке настроек в списке элементов добавлена опция переключения режима представления элементов и секций: совместный/раздельный. <li> Улучшен тип свойства \"Простой чекбокс\", теперь для не установленных галочек стоит пусто. 
2018-09-04 16:12:44 -  - exec CUpdateClientPartner::LoadModulesUpdates
2018-09-04 16:12:44 -  - exec CUpdateClientPartner::__CollectRequestData
2018-09-04 16:12:44 -  - utf=Y&lang=ru&stable=Y&CANGZIP=Y&SUPD_DBS=MYSQL&XE=N&CLIENT_SITE=kargo24.su&LICENSE_KEY=X&SUPD_STS=1&SUPD_URS=0&SUPD_URSA=1&TYPENC=D&CLIENT_PHPVER=7.1.11&NGINX=Y&dbv=5.7.21&instm=main%2C18.0.4%2CY%3Basd.iblock%2C4.5.0%2CN%3Bmessageservice%2C18.0.0%2CN%3Bsearch%2C17.6.0%2CN%3Bcompression%2C16.0.0%2CN%3Bclouds%2C18.0.0%2CN%3Brest%2C18.0.4%2CN%3Bbitrixcloud%2C17.5.0%2CN%3Bseo%2C18.1.0%2CN%3Blanding%2C18.4.21%2CN%3Biblock%2C17.6.8%2CN%3Bhighloadblock%2C17.5.1%2CN%3Bb24connector%2C18.0.0%2CN%3Bfileman%2C18.0.2%2CN%3Btranslate%2C16.0.0%2CN%3Bui%2C17.6.4%2CN%3Bsocialservices%2C18.0.0%2CN%3Bperfmon%2C17.0.1%2CN&reqm=asd.iblock&lim=Y&SUPD_SRS=RU&SUPD_CMP=N
2018-09-04 16:12:44 -  - exec CUpdateClientPartner::GetHTTPPage
2018-09-04 16:12:44 -  - TIME LoadModulesUpdates(request) 0.311 sec
2018-09-04 16:12:44 -  - exec CUpdateClientPartner::ParseServerData
2018-09-04 16:12:44 - S - STEP
2018-09-04 16:12:44 - LMU01 - LoadModulesUpdates-Step
2018-09-04 16:12:44 -  - exec CUpdateClientPartner::LoadModulesUpdates
2018-09-04 16:12:44 -  - exec CUpdateClientPartner::ParseServerData
2018-09-04 16:12:44 -  - loadFile
2018-09-04 16:12:44 - U - RETURN
2018-09-04 16:12:44 -  - exec CUpdateClientPartner::UnGzipArchive
2018-09-04 16:12:44 -  - TIME UnGzipArchive 0.003 sec
2018-09-04 16:12:44 - CSURUS1 - Run updater '/bitrix/updates/update_m1536066764/asd.iblock/updater4.5.1.php'
2018-09-04 16:12:44 -  - TIME UpdateStepModules 0.003 sec
2018-09-04 16:12:44 - UPD_SUCCESS - Updated: asd.iblock (4.5.1)<br>- Фикс обновления 4.5.1 под старшие версии PHP.
2018-09-04 16:12:44 -  - exec CUpdateClientPartner::LoadModulesUpdates
2018-09-04 16:12:44 -  - exec CUpdateClientPartner::__CollectRequestData
2018-09-04 16:12:44 -  - utf=Y&lang=ru&stable=Y&CANGZIP=Y&SUPD_DBS=MYSQL&XE=N&CLIENT_SITE=kargo24.su&LICENSE_KEY=X&SUPD_STS=1&SUPD_URS=0&SUPD_URSA=1&TYPENC=D&CLIENT_PHPVER=7.1.11&NGINX=Y&dbv=5.7.21&instm=main%2C18.0.4%2CY%3Basd.iblock%2C4.5.1%2CN%3Bmessageservice%2C18.0.0%2CN%3Bsearch%2C17.6.0%2CN%3Bcompression%2C16.0.0%2CN%3Bclouds%2C18.0.0%2CN%3Brest%2C18.0.4%2CN%3Bbitrixcloud%2C17.5.0%2CN%3Bseo%2C18.1.0%2CN%3Blanding%2C18.4.21%2CN%3Biblock%2C17.6.8%2CN%3Bhighloadblock%2C17.5.1%2CN%3Bb24connector%2C18.0.0%2CN%3Bfileman%2C18.0.2%2CN%3Btranslate%2C16.0.0%2CN%3Bui%2C17.6.4%2CN%3Bsocialservices%2C18.0.0%2CN%3Bperfmon%2C17.0.1%2CN&reqm=asd.iblock&lim=Y&SUPD_SRS=RU&SUPD_CMP=N
2018-09-04 16:12:44 -  - exec CUpdateClientPartner::GetHTTPPage
2018-09-04 16:12:45 -  - TIME LoadModulesUpdates(request) 0.332 sec
2018-09-04 16:12:45 -  - exec CUpdateClientPartner::ParseServerData
2018-09-04 16:12:45 - S - STEP
2018-09-04 16:12:45 - LMU01 - LoadModulesUpdates-Step
2018-09-04 16:12:45 -  - exec CUpdateClientPartner::LoadModulesUpdates
2018-09-04 16:12:45 -  - exec CUpdateClientPartner::ParseServerData
2018-09-04 16:12:45 -  - loadFile
2018-09-04 16:12:45 - U - RETURN
2018-09-04 16:12:45 -  - exec CUpdateClientPartner::UnGzipArchive
2018-09-04 16:12:45 -  - TIME UnGzipArchive 0.003 sec
2018-09-04 16:12:45 - CSURUS1 - Run updater '/bitrix/updates/update_m1536066765/asd.iblock/updater4.5.2.php'
2018-09-04 16:12:45 -  - TIME UpdateStepModules 0.004 sec
2018-09-04 16:12:45 - UPD_SUCCESS - Updated: asd.iblock (4.5.2)<br>- System update.
2018-09-04 16:12:45 -  - exec CUpdateClientPartner::LoadModulesUpdates
2018-09-04 16:12:45 -  - exec CUpdateClientPartner::__CollectRequestData
2018-09-04 16:12:45 -  - utf=Y&lang=ru&stable=Y&CANGZIP=Y&SUPD_DBS=MYSQL&XE=N&CLIENT_SITE=kargo24.su&LICENSE_KEY=X&SUPD_STS=1&SUPD_URS=0&SUPD_URSA=1&TYPENC=D&CLIENT_PHPVER=7.1.11&NGINX=Y&dbv=5.7.21&instm=main%2C18.0.4%2CY%3Basd.iblock%2C4.5.2%2CN%3Bmessageservice%2C18.0.0%2CN%3Bsearch%2C17.6.0%2CN%3Bcompression%2C16.0.0%2CN%3Bclouds%2C18.0.0%2CN%3Brest%2C18.0.4%2CN%3Bbitrixcloud%2C17.5.0%2CN%3Bseo%2C18.1.0%2CN%3Blanding%2C18.4.21%2CN%3Biblock%2C17.6.8%2CN%3Bhighloadblock%2C17.5.1%2CN%3Bb24connector%2C18.0.0%2CN%3Bfileman%2C18.0.2%2CN%3Btranslate%2C16.0.0%2CN%3Bui%2C17.6.4%2CN%3Bsocialservices%2C18.0.0%2CN%3Bperfmon%2C17.0.1%2CN&reqm=asd.iblock&lim=Y&SUPD_SRS=RU&SUPD_CMP=N
2018-09-04 16:12:45 -  - exec CUpdateClientPartner::GetHTTPPage
2018-09-04 16:12:45 -  - TIME LoadModulesUpdates(request) 0.262 sec
2018-09-04 16:12:45 -  - exec CUpdateClientPartner::ParseServerData
2018-09-04 16:12:45 - S - STEP
2018-09-04 16:12:45 - LMU01 - LoadModulesUpdates-Step
2018-09-04 16:12:45 -  - exec CUpdateClientPartner::LoadModulesUpdates
2018-09-04 16:12:45 -  - exec CUpdateClientPartner::ParseServerData
2018-09-04 16:12:45 -  - loadFile
2018-09-04 16:12:45 - U - RETURN
2018-09-04 16:12:45 -  - exec CUpdateClientPartner::UnGzipArchive
2018-09-04 16:12:45 -  - TIME UnGzipArchive 0.011 sec
2018-09-04 16:12:45 - CSURUS1 - Run updater '/bitrix/updates/update_m1536066765/asd.iblock/updater4.5.3.php'
2018-09-04 16:12:45 -  - TIME UpdateStepModules 0.014 sec
2018-09-04 16:12:45 - UPD_SUCCESS - Updated: asd.iblock (4.5.3)<br>- Совместимость с версией 14.5 Битрикс.
2018-09-04 16:12:46 -  - exec CUpdateClientPartner::LoadModulesUpdates
2018-09-04 16:12:46 -  - exec CUpdateClientPartner::__CollectRequestData
2018-09-04 16:12:46 -  - utf=Y&lang=ru&stable=Y&CANGZIP=Y&SUPD_DBS=MYSQL&XE=N&CLIENT_SITE=kargo24.su&LICENSE_KEY=X&SUPD_STS=1&SUPD_URS=0&SUPD_URSA=1&TYPENC=D&CLIENT_PHPVER=7.1.11&NGINX=Y&dbv=5.7.21&instm=main%2C18.0.4%2CY%3Basd.iblock%2C4.5.3%2CN%3Bmessageservice%2C18.0.0%2CN%3Bsearch%2C17.6.0%2CN%3Bcompression%2C16.0.0%2CN%3Bclouds%2C18.0.0%2CN%3Brest%2C18.0.4%2CN%3Bbitrixcloud%2C17.5.0%2CN%3Bseo%2C18.1.0%2CN%3Blanding%2C18.4.21%2CN%3Biblock%2C17.6.8%2CN%3Bhighloadblock%2C17.5.1%2CN%3Bb24connector%2C18.0.0%2CN%3Bfileman%2C18.0.2%2CN%3Btranslate%2C16.0.0%2CN%3Bui%2C17.6.4%2CN%3Bsocialservices%2C18.0.0%2CN%3Bperfmon%2C17.0.1%2CN&reqm=asd.iblock&lim=Y&SUPD_SRS=RU&SUPD_CMP=N
2018-09-04 16:12:46 -  - exec CUpdateClientPartner::GetHTTPPage
2018-09-04 16:12:46 -  - TIME LoadModulesUpdates(request) 0.3 sec
2018-09-04 16:12:46 -  - exec CUpdateClientPartner::ParseServerData
2018-09-04 16:12:46 - S - STEP
2018-09-04 16:12:46 - LMU01 - LoadModulesUpdates-Step
2018-09-04 16:12:46 -  - exec CUpdateClientPartner::LoadModulesUpdates
2018-09-04 16:12:46 -  - exec CUpdateClientPartner::ParseServerData
2018-09-04 16:12:46 -  - loadFile
2018-09-04 16:12:46 - U - RETURN
2018-09-04 16:12:46 -  - exec CUpdateClientPartner::UnGzipArchive
2018-09-04 16:12:46 -  - TIME UnGzipArchive 0.006 sec
2018-09-04 16:12:46 - CSURUS1 - Run updater '/bitrix/updates/update_m1536066766/asd.iblock/updater4.5.5.php'
2018-09-04 16:12:46 -  - TIME UpdateStepModules 0.007 sec
2018-09-04 16:12:46 - UPD_SUCCESS - Updated: asd.iblock (4.5.5)<br>- Окно палитры теперь центрируется по центру экрана.
2018-09-04 16:12:46 -  - exec CUpdateClientPartner::LoadModulesUpdates
2018-09-04 16:12:46 -  - exec CUpdateClientPartner::__CollectRequestData
2018-09-04 16:12:46 -  - utf=Y&lang=ru&stable=Y&CANGZIP=Y&SUPD_DBS=MYSQL&XE=N&CLIENT_SITE=kargo24.su&LICENSE_KEY=X&SUPD_STS=1&SUPD_URS=0&SUPD_URSA=1&TYPENC=D&CLIENT_PHPVER=7.1.11&NGINX=Y&dbv=5.7.21&instm=main%2C18.0.4%2CY%3Basd.iblock%2C4.5.5%2CN%3Bmessageservice%2C18.0.0%2CN%3Bsearch%2C17.6.0%2CN%3Bcompression%2C16.0.0%2CN%3Bclouds%2C18.0.0%2CN%3Brest%2C18.0.4%2CN%3Bbitrixcloud%2C17.5.0%2CN%3Bseo%2C18.1.0%2CN%3Blanding%2C18.4.21%2CN%3Biblock%2C17.6.8%2CN%3Bhighloadblock%2C17.5.1%2CN%3Bb24connector%2C18.0.0%2CN%3Bfileman%2C18.0.2%2CN%3Btranslate%2C16.0.0%2CN%3Bui%2C17.6.4%2CN%3Bsocialservices%2C18.0.0%2CN%3Bperfmon%2C17.0.1%2CN&reqm=asd.iblock&lim=Y&SUPD_SRS=RU&SUPD_CMP=N
2018-09-04 16:12:46 -  - exec CUpdateClientPartner::GetHTTPPage
2018-09-04 16:12:46 -  - TIME LoadModulesUpdates(request) 0.31 sec
2018-09-04 16:12:46 -  - exec CUpdateClientPartner::ParseServerData
2018-09-04 16:12:46 - S - STEP
2018-09-04 16:12:46 - LMU01 - LoadModulesUpdates-Step
2018-09-04 16:12:47 -  - exec CUpdateClientPartner::LoadModulesUpdates
2018-09-04 16:12:47 -  - exec CUpdateClientPartner::ParseServerData
2018-09-04 16:12:47 -  - loadFile
2018-09-04 16:12:47 - U - RETURN
2018-09-04 16:12:47 -  - exec CUpdateClientPartner::UnGzipArchive
2018-09-04 16:12:47 -  - TIME UnGzipArchive 0.004 sec
2018-09-04 16:12:47 - CSURUS1 - Run updater '/bitrix/updates/update_m1536066767/asd.iblock/updater4.5.6.php'
2018-09-04 16:12:47 -  - TIME UpdateStepModules 0.003 sec
2018-09-04 16:12:47 - UPD_SUCCESS - Updated: asd.iblock (4.5.6)<br>- Исправлена ошибка для типа свойств \"Простой чекбокс\" для режима \"включен по умолчанию\".
2018-09-04 16:12:47 -  - exec CUpdateClientPartner::LoadModulesUpdates
2018-09-04 16:12:47 -  - exec CUpdateClientPartner::__CollectRequestData
2018-09-04 16:12:47 -  - utf=Y&lang=ru&stable=Y&CANGZIP=Y&SUPD_DBS=MYSQL&XE=N&CLIENT_SITE=kargo24.su&LICENSE_KEY=X&SUPD_STS=1&SUPD_URS=0&SUPD_URSA=1&TYPENC=D&CLIENT_PHPVER=7.1.11&NGINX=Y&dbv=5.7.21&instm=main%2C18.0.4%2CY%3Basd.iblock%2C4.5.6%2CN%3Bmessageservice%2C18.0.0%2CN%3Bsearch%2C17.6.0%2CN%3Bcompression%2C16.0.0%2CN%3Bclouds%2C18.0.0%2CN%3Brest%2C18.0.4%2CN%3Bbitrixcloud%2C17.5.0%2CN%3Bseo%2C18.1.0%2CN%3Blanding%2C18.4.21%2CN%3Biblock%2C17.6.8%2CN%3Bhighloadblock%2C17.5.1%2CN%3Bb24connector%2C18.0.0%2CN%3Bfileman%2C18.0.2%2CN%3Btranslate%2C16.0.0%2CN%3Bui%2C17.6.4%2CN%3Bsocialservices%2C18.0.0%2CN%3Bperfmon%2C17.0.1%2CN&reqm=asd.iblock&lim=Y&SUPD_SRS=RU&SUPD_CMP=N
2018-09-04 16:12:47 -  - exec CUpdateClientPartner::GetHTTPPage
2018-09-04 16:12:47 -  - TIME LoadModulesUpdates(request) 0.316 sec
2018-09-04 16:12:47 -  - exec CUpdateClientPartner::ParseServerData
2018-09-04 16:12:47 - S - STEP
2018-09-04 16:12:47 - LMU01 - LoadModulesUpdates-Step
2018-09-04 16:12:47 -  - exec CUpdateClientPartner::LoadModulesUpdates
2018-09-04 16:12:47 -  - exec CUpdateClientPartner::ParseServerData
2018-09-04 16:12:47 -  - loadFile
2018-09-04 16:12:47 - U - RETURN
2018-09-04 16:12:47 -  - exec CUpdateClientPartner::UnGzipArchive
2018-09-04 16:12:47 -  - TIME UnGzipArchive 0.003 sec
2018-09-04 16:12:47 - CSURUS1 - Run updater '/bitrix/updates/update_m1536066767/asd.iblock/updater4.5.7.php'
2018-09-04 16:12:47 -  - TIME UpdateStepModules 0.003 sec
2018-09-04 16:12:47 - UPD_SUCCESS - Updated: asd.iblock (4.5.7)<br><ul> <li>Поправлена ошибка с правами доступа. <li>Поправлена ошибка, при которой слетали описания свойств при копировании и переносе. </ul>
2018-09-04 16:12:47 -  - exec CUpdateClientPartner::LoadModulesUpdates
2018-09-04 16:12:47 -  - exec CUpdateClientPartner::__CollectRequestData
2018-09-04 16:12:47 -  - utf=Y&lang=ru&stable=Y&CANGZIP=Y&SUPD_DBS=MYSQL&XE=N&CLIENT_SITE=kargo24.su&LICENSE_KEY=X&SUPD_STS=1&SUPD_URS=0&SUPD_URSA=1&TYPENC=D&CLIENT_PHPVER=7.1.11&NGINX=Y&dbv=5.7.21&instm=main%2C18.0.4%2CY%3Basd.iblock%2C4.5.7%2CN%3Bmessageservice%2C18.0.0%2CN%3Bsearch%2C17.6.0%2CN%3Bcompression%2C16.0.0%2CN%3Bclouds%2C18.0.0%2CN%3Brest%2C18.0.4%2CN%3Bbitrixcloud%2C17.5.0%2CN%3Bseo%2C18.1.0%2CN%3Blanding%2C18.4.21%2CN%3Biblock%2C17.6.8%2CN%3Bhighloadblock%2C17.5.1%2CN%3Bb24connector%2C18.0.0%2CN%3Bfileman%2C18.0.2%2CN%3Btranslate%2C16.0.0%2CN%3Bui%2C17.6.4%2CN%3Bsocialservices%2C18.0.0%2CN%3Bperfmon%2C17.0.1%2CN&reqm=asd.iblock&lim=Y&SUPD_SRS=RU&SUPD_CMP=N
2018-09-04 16:12:47 -  - exec CUpdateClientPartner::GetHTTPPage
2018-09-04 16:12:48 -  - TIME LoadModulesUpdates(request) 0.284 sec
2018-09-04 16:12:48 -  - exec CUpdateClientPartner::ParseServerData
2018-09-04 16:12:48 - S - STEP
2018-09-04 16:12:48 - LMU01 - LoadModulesUpdates-Step
2018-09-04 16:12:48 -  - exec CUpdateClientPartner::LoadModulesUpdates
2018-09-04 16:12:48 -  - exec CUpdateClientPartner::ParseServerData
2018-09-04 16:12:48 -  - loadFile
2018-09-04 16:12:48 - U - RETURN
2018-09-04 16:12:48 -  - exec CUpdateClientPartner::UnGzipArchive
2018-09-04 16:12:48 -  - TIME UnGzipArchive 0.004 sec
2018-09-04 16:12:48 - CSURUS1 - Run updater '/bitrix/updates/update_m1536066768/asd.iblock/updater4.5.8.php'
2018-09-04 16:12:48 -  - TIME UpdateStepModules 0.006 sec
2018-09-04 16:12:48 - UPD_SUCCESS - Updated: asd.iblock (4.5.8)<br>Незначительные улучшения.
2018-09-04 16:12:48 -  - exec CUpdateClientPartner::LoadModulesUpdates
2018-09-04 16:12:48 -  - exec CUpdateClientPartner::__CollectRequestData
2018-09-04 16:12:48 -  - utf=Y&lang=ru&stable=Y&CANGZIP=Y&SUPD_DBS=MYSQL&XE=N&CLIENT_SITE=kargo24.su&LICENSE_KEY=X&SUPD_STS=1&SUPD_URS=0&SUPD_URSA=1&TYPENC=D&CLIENT_PHPVER=7.1.11&NGINX=Y&dbv=5.7.21&instm=main%2C18.0.4%2CY%3Basd.iblock%2C4.5.8%2CN%3Bmessageservice%2C18.0.0%2CN%3Bsearch%2C17.6.0%2CN%3Bcompression%2C16.0.0%2CN%3Bclouds%2C18.0.0%2CN%3Brest%2C18.0.4%2CN%3Bbitrixcloud%2C17.5.0%2CN%3Bseo%2C18.1.0%2CN%3Blanding%2C18.4.21%2CN%3Biblock%2C17.6.8%2CN%3Bhighloadblock%2C17.5.1%2CN%3Bb24connector%2C18.0.0%2CN%3Bfileman%2C18.0.2%2CN%3Btranslate%2C16.0.0%2CN%3Bui%2C17.6.4%2CN%3Bsocialservices%2C18.0.0%2CN%3Bperfmon%2C17.0.1%2CN&reqm=asd.iblock&lim=Y&SUPD_SRS=RU&SUPD_CMP=N
2018-09-04 16:12:48 -  - exec CUpdateClientPartner::GetHTTPPage
2018-09-04 16:12:48 -  - TIME LoadModulesUpdates(request) 0.262 sec
2018-09-04 16:12:48 -  - exec CUpdateClientPartner::ParseServerData
2018-09-04 16:12:48 - S - STEP
2018-09-04 16:12:48 - LMU01 - LoadModulesUpdates-Step
2018-09-04 16:12:48 -  - exec CUpdateClientPartner::LoadModulesUpdates
2018-09-04 16:12:48 -  - exec CUpdateClientPartner::ParseServerData
2018-09-04 16:12:48 -  - loadFile
2018-09-04 16:12:48 - U - RETURN
2018-09-04 16:12:48 -  - exec CUpdateClientPartner::UnGzipArchive
2018-09-04 16:12:48 -  - TIME UnGzipArchive 0.004 sec
2018-09-04 16:12:48 - CSURUS1 - Run updater '/bitrix/updates/update_m1536066768/asd.iblock/updater4.5.9.php'
2018-09-04 16:12:48 -  - TIME UpdateStepModules 0.002 sec
2018-09-04 16:12:48 - UPD_SUCCESS - Updated: asd.iblock (4.5.9)<br>Исправление типов \"простые чекбоксы\" для показа в универсальных списках.
2018-09-04 16:12:48 -  - exec CUpdateClientPartner::LoadModulesUpdates
2018-09-04 16:12:48 -  - exec CUpdateClientPartner::__CollectRequestData
2018-09-04 16:12:48 -  - utf=Y&lang=ru&stable=Y&CANGZIP=Y&SUPD_DBS=MYSQL&XE=N&CLIENT_SITE=kargo24.su&LICENSE_KEY=X&SUPD_STS=1&SUPD_URS=0&SUPD_URSA=1&TYPENC=D&CLIENT_PHPVER=7.1.11&NGINX=Y&dbv=5.7.21&instm=main%2C18.0.4%2CY%3Basd.iblock%2C4.5.9%2CN%3Bmessageservice%2C18.0.0%2CN%3Bsearch%2C17.6.0%2CN%3Bcompression%2C16.0.0%2CN%3Bclouds%2C18.0.0%2CN%3Brest%2C18.0.4%2CN%3Bbitrixcloud%2C17.5.0%2CN%3Bseo%2C18.1.0%2CN%3Blanding%2C18.4.21%2CN%3Biblock%2C17.6.8%2CN%3Bhighloadblock%2C17.5.1%2CN%3Bb24connector%2C18.0.0%2CN%3Bfileman%2C18.0.2%2CN%3Btranslate%2C16.0.0%2CN%3Bui%2C17.6.4%2CN%3Bsocialservices%2C18.0.0%2CN%3Bperfmon%2C17.0.1%2CN&reqm=asd.iblock&lim=Y&SUPD_SRS=RU&SUPD_CMP=N
2018-09-04 16:12:48 -  - exec CUpdateClientPartner::GetHTTPPage
2018-09-04 16:12:49 -  - TIME LoadModulesUpdates(request) 0.281 sec
2018-09-04 16:12:49 -  - exec CUpdateClientPartner::ParseServerData
2018-09-04 16:12:49 - S - STEP
2018-09-04 16:12:49 - LMU01 - LoadModulesUpdates-Step
2018-09-04 16:12:49 -  - exec CUpdateClientPartner::LoadModulesUpdates
2018-09-04 16:12:49 -  - exec CUpdateClientPartner::ParseServerData
2018-09-04 16:12:49 -  - loadFile
2018-09-04 16:12:49 - U - RETURN
2018-09-04 16:12:49 -  - exec CUpdateClientPartner::UnGzipArchive
2018-09-04 16:12:49 -  - TIME UnGzipArchive 0.003 sec
2018-09-04 16:12:49 - CSURUS1 - Run updater '/bitrix/updates/update_m1536066769/asd.iblock/updater4.5.10.php'
2018-09-04 16:12:49 -  - TIME UpdateStepModules 0.003 sec
2018-09-04 16:12:49 - UPD_SUCCESS - Updated: asd.iblock (4.5.10)<br>Исправлено копирование описаний свойств.
2018-09-04 16:12:49 -  - exec CUpdateClientPartner::LoadModulesUpdates
2018-09-04 16:12:49 -  - exec CUpdateClientPartner::__CollectRequestData
2018-09-04 16:12:49 -  - utf=Y&lang=ru&stable=Y&CANGZIP=Y&SUPD_DBS=MYSQL&XE=N&CLIENT_SITE=kargo24.su&LICENSE_KEY=X&SUPD_STS=1&SUPD_URS=0&SUPD_URSA=1&TYPENC=D&CLIENT_PHPVER=7.1.11&NGINX=Y&dbv=5.7.21&instm=main%2C18.0.4%2CY%3Basd.iblock%2C4.5.10%2CN%3Bmessageservice%2C18.0.0%2CN%3Bsearch%2C17.6.0%2CN%3Bcompression%2C16.0.0%2CN%3Bclouds%2C18.0.0%2CN%3Brest%2C18.0.4%2CN%3Bbitrixcloud%2C17.5.0%2CN%3Bseo%2C18.1.0%2CN%3Blanding%2C18.4.21%2CN%3Biblock%2C17.6.8%2CN%3Bhighloadblock%2C17.5.1%2CN%3Bb24connector%2C18.0.0%2CN%3Bfileman%2C18.0.2%2CN%3Btranslate%2C16.0.0%2CN%3Bui%2C17.6.4%2CN%3Bsocialservices%2C18.0.0%2CN%3Bperfmon%2C17.0.1%2CN&reqm=asd.iblock&lim=Y&SUPD_SRS=RU&SUPD_CMP=N
2018-09-04 16:12:49 -  - exec CUpdateClientPartner::GetHTTPPage
2018-09-04 16:12:49 -  - TIME LoadModulesUpdates(request) 0.257 sec
2018-09-04 16:12:49 -  - exec CUpdateClientPartner::ParseServerData
2018-09-04 16:12:49 - S - STEP
2018-09-04 16:12:49 - LMU01 - LoadModulesUpdates-Step
2018-09-04 16:12:49 -  - exec CUpdateClientPartner::LoadModulesUpdates
2018-09-04 16:12:49 -  - exec CUpdateClientPartner::ParseServerData
2018-09-04 16:12:49 -  - loadFile
2018-09-04 16:12:49 - U - RETURN
2018-09-04 16:12:49 -  - exec CUpdateClientPartner::UnGzipArchive
2018-09-04 16:12:49 -  - TIME UnGzipArchive 0.003 sec
2018-09-04 16:12:49 - CSURUS1 - Run updater '/bitrix/updates/update_m1536066769/asd.iblock/updater4.5.11.php'
2018-09-04 16:12:49 -  - TIME UpdateStepModules 0.003 sec
2018-09-04 16:12:49 - UPD_SUCCESS - Updated: asd.iblock (4.5.11)<br>Исправлено поведение свойства типа \"Привязка к собственной секции\" при виде \"Список\". Также свойство добавлено в установку в обновлении.
2018-09-04 16:12:49 -  - exec CUpdateClientPartner::LoadModulesUpdates
2018-09-04 16:12:49 -  - exec CUpdateClientPartner::__CollectRequestData
2018-09-04 16:12:49 -  - utf=Y&lang=ru&stable=Y&CANGZIP=Y&SUPD_DBS=MYSQL&XE=N&CLIENT_SITE=kargo24.su&LICENSE_KEY=X&SUPD_STS=1&SUPD_URS=0&SUPD_URSA=1&TYPENC=D&CLIENT_PHPVER=7.1.11&NGINX=Y&dbv=5.7.21&instm=main%2C18.0.4%2CY%3Basd.iblock%2C4.5.11%2CN%3Bmessageservice%2C18.0.0%2CN%3Bsearch%2C17.6.0%2CN%3Bcompression%2C16.0.0%2CN%3Bclouds%2C18.0.0%2CN%3Brest%2C18.0.4%2CN%3Bbitrixcloud%2C17.5.0%2CN%3Bseo%2C18.1.0%2CN%3Blanding%2C18.4.21%2CN%3Biblock%2C17.6.8%2CN%3Bhighloadblock%2C17.5.1%2CN%3Bb24connector%2C18.0.0%2CN%3Bfileman%2C18.0.2%2CN%3Btranslate%2C16.0.0%2CN%3Bui%2C17.6.4%2CN%3Bsocialservices%2C18.0.0%2CN%3Bperfmon%2C17.0.1%2CN&reqm=asd.iblock&lim=Y&SUPD_SRS=RU&SUPD_CMP=N
2018-09-04 16:12:49 -  - exec CUpdateClientPartner::GetHTTPPage
2018-09-04 16:12:50 -  - TIME LoadModulesUpdates(request) 0.278 sec
2018-09-04 16:12:50 -  - exec CUpdateClientPartner::ParseServerData
2018-09-04 16:12:50 - S - STEP
2018-09-04 16:12:50 - LMU01 - LoadModulesUpdates-Step
2018-09-04 16:12:50 -  - exec CUpdateClientPartner::LoadModulesUpdates
2018-09-04 16:12:50 -  - exec CUpdateClientPartner::ParseServerData
2018-09-04 16:12:50 -  - loadFile
2018-09-04 16:12:50 - U - RETURN
2018-09-04 16:12:50 -  - exec CUpdateClientPartner::UnGzipArchive
2018-09-04 16:12:50 -  - TIME UnGzipArchive 0.004 sec
2018-09-04 16:12:50 - CSURUS1 - Run updater '/bitrix/updates/update_m1536066770/asd.iblock/updater4.5.12.php'
2018-09-04 16:12:50 -  - TIME UpdateStepModules 0.006 sec
2018-09-04 16:12:50 - UPD_SUCCESS - Updated: asd.iblock (4.5.12)<br>Поправлена ошибка копирования цен и параметров продукта.
2018-09-04 16:12:50 -  - exec CUpdateClientPartner::LoadModulesUpdates
2018-09-04 16:12:50 -  - exec CUpdateClientPartner::__CollectRequestData
2018-09-04 16:12:50 -  - utf=Y&lang=ru&stable=Y&CANGZIP=Y&SUPD_DBS=MYSQL&XE=N&CLIENT_SITE=kargo24.su&LICENSE_KEY=X&SUPD_STS=1&SUPD_URS=0&SUPD_URSA=1&TYPENC=D&CLIENT_PHPVER=7.1.11&NGINX=Y&dbv=5.7.21&instm=main%2C18.0.4%2CY%3Basd.iblock%2C4.5.12%2CN%3Bmessageservice%2C18.0.0%2CN%3Bsearch%2C17.6.0%2CN%3Bcompression%2C16.0.0%2CN%3Bclouds%2C18.0.0%2CN%3Brest%2C18.0.4%2CN%3Bbitrixcloud%2C17.5.0%2CN%3Bseo%2C18.1.0%2CN%3Blanding%2C18.4.21%2CN%3Biblock%2C17.6.8%2CN%3Bhighloadblock%2C17.5.1%2CN%3Bb24connector%2C18.0.0%2CN%3Bfileman%2C18.0.2%2CN%3Btranslate%2C16.0.0%2CN%3Bui%2C17.6.4%2CN%3Bsocialservices%2C18.0.0%2CN%3Bperfmon%2C17.0.1%2CN&reqm=asd.iblock&lim=Y&SUPD_SRS=RU&SUPD_CMP=N
2018-09-04 16:12:50 -  - exec CUpdateClientPartner::GetHTTPPage
2018-09-04 16:12:50 -  - TIME LoadModulesUpdates(request) 0.331 sec
2018-09-04 16:12:50 -  - exec CUpdateClientPartner::ParseServerData
2018-09-04 16:12:50 - S - STEP
2018-09-04 16:12:50 - LMU01 - LoadModulesUpdates-Step
2018-09-04 16:12:50 -  - exec CUpdateClientPartner::LoadModulesUpdates
2018-09-04 16:12:50 -  - exec CUpdateClientPartner::ParseServerData
2018-09-04 16:12:50 -  - loadFile
2018-09-04 16:12:50 - U - RETURN
2018-09-04 16:12:50 -  - exec CUpdateClientPartner::UnGzipArchive
2018-09-04 16:12:50 -  - TIME UnGzipArchive 0.004 sec
2018-09-04 16:12:50 - CSURUS1 - Run updater '/bitrix/updates/update_m1536066770/asd.iblock/updater4.6.0.php'
2018-09-04 16:12:50 -  - TIME UpdateStepModules 0.003 sec
2018-09-04 16:12:50 - UPD_SUCCESS - Updated: asd.iblock (4.6.0)<br>- Незначительные изменения.
2018-09-04 16:12:51 -  - exec CUpdateClientPartner::LoadModulesUpdates
2018-09-04 16:12:51 -  - exec CUpdateClientPartner::__CollectRequestData
2018-09-04 16:12:51 -  - utf=Y&lang=ru&stable=Y&CANGZIP=Y&SUPD_DBS=MYSQL&XE=N&CLIENT_SITE=kargo24.su&LICENSE_KEY=X&SUPD_STS=1&SUPD_URS=0&SUPD_URSA=1&TYPENC=D&CLIENT_PHPVER=7.1.11&NGINX=Y&dbv=5.7.21&instm=main%2C18.0.4%2CY%3Basd.iblock%2C4.6.0%2CN%3Bmessageservice%2C18.0.0%2CN%3Bsearch%2C17.6.0%2CN%3Bcompression%2C16.0.0%2CN%3Bclouds%2C18.0.0%2CN%3Brest%2C18.0.4%2CN%3Bbitrixcloud%2C17.5.0%2CN%3Bseo%2C18.1.0%2CN%3Blanding%2C18.4.21%2CN%3Biblock%2C17.6.8%2CN%3Bhighloadblock%2C17.5.1%2CN%3Bb24connector%2C18.0.0%2CN%3Bfileman%2C18.0.2%2CN%3Btranslate%2C16.0.0%2CN%3Bui%2C17.6.4%2CN%3Bsocialservices%2C18.0.0%2CN%3Bperfmon%2C17.0.1%2CN&reqm=asd.iblock&lim=Y&SUPD_SRS=RU&SUPD_CMP=N
2018-09-04 16:12:51 -  - exec CUpdateClientPartner::GetHTTPPage
2018-09-04 16:12:51 -  - TIME LoadModulesUpdates(request) 0.32 sec
2018-09-04 16:12:51 -  - exec CUpdateClientPartner::ParseServerData
2018-09-04 16:12:51 - S - STEP
2018-09-04 16:12:51 - LMU01 - LoadModulesUpdates-Step
2018-09-04 16:12:51 -  - exec CUpdateClientPartner::LoadModulesUpdates
2018-09-04 16:12:51 -  - exec CUpdateClientPartner::ParseServerData
2018-09-04 16:12:51 -  - loadFile
2018-09-04 16:12:51 - U - RETURN
2018-09-04 16:12:51 -  - exec CUpdateClientPartner::UnGzipArchive
2018-09-04 16:12:51 -  - TIME UnGzipArchive 0.008 sec
2018-09-04 16:12:51 - CSURUS1 - Run updater '/bitrix/updates/update_m1536066771/asd.iblock/updater4.6.3.php'
2018-09-04 16:12:51 -  - TIME UpdateStepModules 0.008 sec
2018-09-04 16:12:51 - UPD_SUCCESS - Updated: asd.iblock (4.6.3)<br><ul> <li>Незначительные интерфейсные улучшения. <li>Исправление незначительных ошибок. </ul>
2018-09-04 16:12:51 -  - exec CUpdateClientPartner::LoadModulesUpdates
2018-09-04 16:12:51 -  - exec CUpdateClientPartner::__CollectRequestData
2018-09-04 16:12:51 -  - utf=Y&lang=ru&stable=Y&CANGZIP=Y&SUPD_DBS=MYSQL&XE=N&CLIENT_SITE=kargo24.su&LICENSE_KEY=X&SUPD_STS=1&SUPD_URS=0&SUPD_URSA=1&TYPENC=D&CLIENT_PHPVER=7.1.11&NGINX=Y&dbv=5.7.21&instm=main%2C18.0.4%2CY%3Basd.iblock%2C4.6.3%2CN%3Bmessageservice%2C18.0.0%2CN%3Bsearch%2C17.6.0%2CN%3Bcompression%2C16.0.0%2CN%3Bclouds%2C18.0.0%2CN%3Brest%2C18.0.4%2CN%3Bbitrixcloud%2C17.5.0%2CN%3Bseo%2C18.1.0%2CN%3Blanding%2C18.4.21%2CN%3Biblock%2C17.6.8%2CN%3Bhighloadblock%2C17.5.1%2CN%3Bb24connector%2C18.0.0%2CN%3Bfileman%2C18.0.2%2CN%3Btranslate%2C16.0.0%2CN%3Bui%2C17.6.4%2CN%3Bsocialservices%2C18.0.0%2CN%3Bperfmon%2C17.0.1%2CN&reqm=asd.iblock&lim=Y&SUPD_SRS=RU&SUPD_CMP=N
2018-09-04 16:12:51 -  - exec CUpdateClientPartner::GetHTTPPage
2018-09-04 16:12:51 -  - TIME LoadModulesUpdates(request) 0.318 sec
2018-09-04 16:12:51 -  - exec CUpdateClientPartner::ParseServerData
2018-09-04 16:12:51 - S - STEP
2018-09-04 16:12:51 - LMU01 - LoadModulesUpdates-Step
2018-09-04 16:12:52 -  - exec CUpdateClientPartner::LoadModulesUpdates
2018-09-04 16:12:52 -  - exec CUpdateClientPartner::ParseServerData
2018-09-04 16:12:52 -  - loadFile
2018-09-04 16:12:52 - U - RETURN
2018-09-04 16:12:52 -  - exec CUpdateClientPartner::UnGzipArchive
2018-09-04 16:12:52 -  - TIME UnGzipArchive 0.005 sec
2018-09-04 16:12:52 - CSURUS1 - Run updater '/bitrix/updates/update_m1536066772/asd.iblock/updater4.6.4.php'
2018-09-04 16:12:52 -  - TIME UpdateStepModules 0.007 sec
2018-09-04 16:12:52 - UPD_SUCCESS - Updated: asd.iblock (4.6.4)<br>Мелкие изменения. 
2018-09-04 16:12:52 -  - exec CUpdateClientPartner::LoadModulesUpdates
2018-09-04 16:12:52 -  - exec CUpdateClientPartner::__CollectRequestData
2018-09-04 16:12:52 -  - utf=Y&lang=ru&stable=Y&CANGZIP=Y&SUPD_DBS=MYSQL&XE=N&CLIENT_SITE=kargo24.su&LICENSE_KEY=X&SUPD_STS=1&SUPD_URS=0&SUPD_URSA=1&TYPENC=D&CLIENT_PHPVER=7.1.11&NGINX=Y&dbv=5.7.21&instm=main%2C18.0.4%2CY%3Basd.iblock%2C4.6.4%2CN%3Bmessageservice%2C18.0.0%2CN%3Bsearch%2C17.6.0%2CN%3Bcompression%2C16.0.0%2CN%3Bclouds%2C18.0.0%2CN%3Brest%2C18.0.4%2CN%3Bbitrixcloud%2C17.5.0%2CN%3Bseo%2C18.1.0%2CN%3Blanding%2C18.4.21%2CN%3Biblock%2C17.6.8%2CN%3Bhighloadblock%2C17.5.1%2CN%3Bb24connector%2C18.0.0%2CN%3Bfileman%2C18.0.2%2CN%3Btranslate%2C16.0.0%2CN%3Bui%2C17.6.4%2CN%3Bsocialservices%2C18.0.0%2CN%3Bperfmon%2C17.0.1%2CN&reqm=asd.iblock&lim=Y&SUPD_SRS=RU&SUPD_CMP=N
2018-09-04 16:12:52 -  - exec CUpdateClientPartner::GetHTTPPage
2018-09-04 16:12:52 -  - TIME LoadModulesUpdates(request) 0.318 sec
2018-09-04 16:12:52 -  - exec CUpdateClientPartner::ParseServerData
2018-09-04 16:12:52 - S - STEP
2018-09-04 16:12:52 - LMU01 - LoadModulesUpdates-Step
2018-09-04 16:12:52 -  - exec CUpdateClientPartner::LoadModulesUpdates
2018-09-04 16:12:52 -  - exec CUpdateClientPartner::ParseServerData
2018-09-04 16:12:52 -  - loadFile
2018-09-04 16:12:52 - U - RETURN
2018-09-04 16:12:52 -  - exec CUpdateClientPartner::UnGzipArchive
2018-09-04 16:12:52 -  - TIME UnGzipArchive 0.004 sec
2018-09-04 16:12:52 - CSURUS1 - Run updater '/bitrix/updates/update_m1536066772/asd.iblock/updater4.6.5.php'
2018-09-04 16:12:52 -  - TIME UpdateStepModules 0.003 sec
2018-09-04 16:12:52 - UPD_SUCCESS - Updated: asd.iblock (4.6.5)<br>- Изменение в групповых действиях для фасетного индекса.
2018-09-04 16:12:52 -  - exec CUpdateClientPartner::LoadModulesUpdates
2018-09-04 16:12:52 -  - exec CUpdateClientPartner::__CollectRequestData
2018-09-04 16:12:52 -  - utf=Y&lang=ru&stable=Y&CANGZIP=Y&SUPD_DBS=MYSQL&XE=N&CLIENT_SITE=kargo24.su&LICENSE_KEY=X&SUPD_STS=1&SUPD_URS=0&SUPD_URSA=1&TYPENC=D&CLIENT_PHPVER=7.1.11&NGINX=Y&dbv=5.7.21&instm=main%2C18.0.4%2CY%3Basd.iblock%2C4.6.5%2CN%3Bmessageservice%2C18.0.0%2CN%3Bsearch%2C17.6.0%2CN%3Bcompression%2C16.0.0%2CN%3Bclouds%2C18.0.0%2CN%3Brest%2C18.0.4%2CN%3Bbitrixcloud%2C17.5.0%2CN%3Bseo%2C18.1.0%2CN%3Blanding%2C18.4.21%2CN%3Biblock%2C17.6.8%2CN%3Bhighloadblock%2C17.5.1%2CN%3Bb24connector%2C18.0.0%2CN%3Bfileman%2C18.0.2%2CN%3Btranslate%2C16.0.0%2CN%3Bui%2C17.6.4%2CN%3Bsocialservices%2C18.0.0%2CN%3Bperfmon%2C17.0.1%2CN&reqm=asd.iblock&lim=Y&SUPD_SRS=RU&SUPD_CMP=N
2018-09-04 16:12:52 -  - exec CUpdateClientPartner::GetHTTPPage
2018-09-04 16:12:53 -  - TIME LoadModulesUpdates(request) 0.285 sec
2018-09-04 16:12:53 -  - exec CUpdateClientPartner::ParseServerData
2018-09-04 16:12:53 - S - STEP
2018-09-04 16:12:53 - LMU01 - LoadModulesUpdates-Step
2018-09-04 16:12:53 -  - exec CUpdateClientPartner::LoadModulesUpdates
2018-09-04 16:12:53 -  - exec CUpdateClientPartner::ParseServerData
2018-09-04 16:12:53 -  - loadFile
2018-09-04 16:12:53 - U - RETURN
2018-09-04 16:12:53 -  - exec CUpdateClientPartner::UnGzipArchive
2018-09-04 16:12:53 -  - TIME UnGzipArchive 0.003 sec
2018-09-04 16:12:53 - CSURUS1 - Run updater '/bitrix/updates/update_m1536066773/asd.iblock/updater4.6.6.php'
2018-09-04 16:12:53 -  - TIME UpdateStepModules 0.003 sec
2018-09-04 16:12:53 - UPD_SUCCESS - Updated: asd.iblock (4.6.6)<br>Исправление ошибки, иногда возникающей при отвязке элементов от раздела.
2018-09-04 16:12:53 -  - exec CUpdateClientPartner::LoadModulesUpdates
2018-09-04 16:12:53 -  - exec CUpdateClientPartner::__CollectRequestData
2018-09-04 16:12:53 -  - utf=Y&lang=ru&stable=Y&CANGZIP=Y&SUPD_DBS=MYSQL&XE=N&CLIENT_SITE=kargo24.su&LICENSE_KEY=X&SUPD_STS=1&SUPD_URS=0&SUPD_URSA=1&TYPENC=D&CLIENT_PHPVER=7.1.11&NGINX=Y&dbv=5.7.21&instm=main%2C18.0.4%2CY%3Basd.iblock%2C4.6.6%2CN%3Bmessageservice%2C18.0.0%2CN%3Bsearch%2C17.6.0%2CN%3Bcompression%2C16.0.0%2CN%3Bclouds%2C18.0.0%2CN%3Brest%2C18.0.4%2CN%3Bbitrixcloud%2C17.5.0%2CN%3Bseo%2C18.1.0%2CN%3Blanding%2C18.4.21%2CN%3Biblock%2C17.6.8%2CN%3Bhighloadblock%2C17.5.1%2CN%3Bb24connector%2C18.0.0%2CN%3Bfileman%2C18.0.2%2CN%3Btranslate%2C16.0.0%2CN%3Bui%2C17.6.4%2CN%3Bsocialservices%2C18.0.0%2CN%3Bperfmon%2C17.0.1%2CN&reqm=asd.iblock&lim=Y&SUPD_SRS=RU&SUPD_CMP=N
2018-09-04 16:12:53 -  - exec CUpdateClientPartner::GetHTTPPage
2018-09-04 16:12:53 -  - TIME LoadModulesUpdates(request) 0.289 sec
2018-09-04 16:12:53 -  - exec CUpdateClientPartner::ParseServerData
2018-09-04 16:12:53 - S - STEP
2018-09-04 16:12:53 - LMU01 - LoadModulesUpdates-Step
2018-09-04 16:12:53 -  - exec CUpdateClientPartner::LoadModulesUpdates
2018-09-04 16:12:53 -  - exec CUpdateClientPartner::ParseServerData
2018-09-04 16:12:53 -  - loadFile
2018-09-04 16:12:53 - U - RETURN
2018-09-04 16:12:53 -  - exec CUpdateClientPartner::UnGzipArchive
2018-09-04 16:12:53 -  - TIME UnGzipArchive 0.007 sec
2018-09-04 16:12:53 - CSURUS1 - Run updater '/bitrix/updates/update_m1536066773/asd.iblock/updater4.6.7.php'
2018-09-04 16:12:53 -  - TIME UpdateStepModules 0.008 sec
2018-09-04 16:12:53 - UPD_SUCCESS - Updated: asd.iblock (4.6.7)<br>Добавлен функционал отвязки от раздела.
2018-09-04 16:12:53 -  - exec CUpdateClientPartner::LoadModulesUpdates
2018-09-04 16:12:53 -  - exec CUpdateClientPartner::__CollectRequestData
2018-09-04 16:12:53 -  - utf=Y&lang=ru&stable=Y&CANGZIP=Y&SUPD_DBS=MYSQL&XE=N&CLIENT_SITE=kargo24.su&LICENSE_KEY=X&SUPD_STS=1&SUPD_URS=0&SUPD_URSA=1&TYPENC=D&CLIENT_PHPVER=7.1.11&NGINX=Y&dbv=5.7.21&instm=main%2C18.0.4%2CY%3Basd.iblock%2C4.6.7%2CN%3Bmessageservice%2C18.0.0%2CN%3Bsearch%2C17.6.0%2CN%3Bcompression%2C16.0.0%2CN%3Bclouds%2C18.0.0%2CN%3Brest%2C18.0.4%2CN%3Bbitrixcloud%2C17.5.0%2CN%3Bseo%2C18.1.0%2CN%3Blanding%2C18.4.21%2CN%3Biblock%2C17.6.8%2CN%3Bhighloadblock%2C17.5.1%2CN%3Bb24connector%2C18.0.0%2CN%3Bfileman%2C18.0.2%2CN%3Btranslate%2C16.0.0%2CN%3Bui%2C17.6.4%2CN%3Bsocialservices%2C18.0.0%2CN%3Bperfmon%2C17.0.1%2CN&reqm=asd.iblock&lim=Y&SUPD_SRS=RU&SUPD_CMP=N
2018-09-04 16:12:53 -  - exec CUpdateClientPartner::GetHTTPPage
2018-09-04 16:12:54 -  - TIME LoadModulesUpdates(request) 0.322 sec
2018-09-04 16:12:54 -  - exec CUpdateClientPartner::ParseServerData
2018-09-04 16:12:54 - S - STEP
2018-09-04 16:12:54 - LMU01 - LoadModulesUpdates-Step
2018-09-04 16:12:54 -  - exec CUpdateClientPartner::LoadModulesUpdates
2018-09-04 16:12:54 -  - exec CUpdateClientPartner::ParseServerData
2018-09-04 16:12:54 -  - loadFile
2018-09-04 16:12:54 - U - RETURN
2018-09-04 16:12:54 -  - exec CUpdateClientPartner::UnGzipArchive
2018-09-04 16:12:54 -  - TIME UnGzipArchive 0.007 sec
2018-09-04 16:12:54 - CSURUS1 - Run updater '/bitrix/updates/update_m1536066774/asd.iblock/updater4.6.8.php'
2018-09-04 16:12:54 -  - TIME UpdateStepModules 0.008 sec
2018-09-04 16:12:54 - UPD_SUCCESS - Updated: asd.iblock (4.6.8)<br><li>В административной форме элемента ссылка \"посмотреть элемент\" теперь берется из канонического URL элемента, если он заполнен (иначе как раньше).
2018-09-04 16:12:54 -  - exec CUpdateClientPartner::LoadModulesUpdates
2018-09-04 16:12:54 -  - exec CUpdateClientPartner::__CollectRequestData
2018-09-04 16:12:54 -  - utf=Y&lang=ru&stable=Y&CANGZIP=Y&SUPD_DBS=MYSQL&XE=N&CLIENT_SITE=kargo24.su&LICENSE_KEY=X&SUPD_STS=1&SUPD_URS=0&SUPD_URSA=1&TYPENC=D&CLIENT_PHPVER=7.1.11&NGINX=Y&dbv=5.7.21&instm=main%2C18.0.4%2CY%3Basd.iblock%2C4.6.8%2CN%3Bmessageservice%2C18.0.0%2CN%3Bsearch%2C17.6.0%2CN%3Bcompression%2C16.0.0%2CN%3Bclouds%2C18.0.0%2CN%3Brest%2C18.0.4%2CN%3Bbitrixcloud%2C17.5.0%2CN%3Bseo%2C18.1.0%2CN%3Blanding%2C18.4.21%2CN%3Biblock%2C17.6.8%2CN%3Bhighloadblock%2C17.5.1%2CN%3Bb24connector%2C18.0.0%2CN%3Bfileman%2C18.0.2%2CN%3Btranslate%2C16.0.0%2CN%3Bui%2C17.6.4%2CN%3Bsocialservices%2C18.0.0%2CN%3Bperfmon%2C17.0.1%2CN&reqm=asd.iblock&lim=Y&SUPD_SRS=RU&SUPD_CMP=N
2018-09-04 16:12:54 -  - exec CUpdateClientPartner::GetHTTPPage
2018-09-04 16:12:54 -  - TIME LoadModulesUpdates(request) 0.286 sec
2018-09-04 16:12:54 -  - exec CUpdateClientPartner::ParseServerData
2018-09-04 16:12:54 - STEP - Finish - NOUPDATES
2018-09-04 16:12:54 - STEP - Finish - NOUPDATES
2018-09-04 16:12:56 -  - exec CUpdateClientPartner::GetUpdatesList
2018-09-04 16:12:56 -  - exec CUpdateClientPartner::__CollectRequestData
2018-09-04 16:12:56 -  - utf=Y&lang=ru&stable=Y&CANGZIP=Y&SUPD_DBS=MYSQL&XE=N&CLIENT_SITE=kargo24.su&LICENSE_KEY=X&SUPD_STS=1&SUPD_URS=0&SUPD_URSA=1&TYPENC=D&CLIENT_PHPVER=7.1.11&NGINX=Y&dbv=5.7.21&instm=main%2C18.0.4%2CY%3Basd.iblock%2C4.6.8%2CN%3Bmessageservice%2C18.0.0%2CN%3Bsearch%2C17.6.0%2CN%3Bcompression%2C16.0.0%2CN%3Bclouds%2C18.0.0%2CN%3Brest%2C18.0.4%2CN%3Bbitrixcloud%2C17.5.0%2CN%3Bseo%2C18.1.0%2CN%3Blanding%2C18.4.21%2CN%3Biblock%2C17.6.8%2CN%3Bhighloadblock%2C17.5.1%2CN%3Bb24connector%2C18.0.0%2CN%3Bfileman%2C18.0.2%2CN%3Btranslate%2C16.0.0%2CN%3Bui%2C17.6.4%2CN%3Bsocialservices%2C18.0.0%2CN%3Bperfmon%2C17.0.1%2CN&reqm=asd.iblock&fullmoduleinfo=Y&SUPD_SRS=RU&SUPD_CMP=N
2018-09-04 16:12:56 -  - exec CUpdateClientPartner::GetHTTPPage
2018-09-04 16:12:56 -  - TIME GetUpdatesList(request) 0.27 sec
2018-09-04 16:12:56 -  - exec CUpdateClientPartner::ParseServerData
2018-09-04 16:12:58 -  - exec CUpdateClientPartner::GetUpdatesList
2018-09-04 16:12:58 -  - exec CUpdateClientPartner::__CollectRequestData
2018-09-04 16:12:58 -  - utf=Y&lang=ru&stable=Y&CANGZIP=Y&SUPD_DBS=MYSQL&XE=N&CLIENT_SITE=kargo24.su&LICENSE_KEY=X&SUPD_STS=1&SUPD_URS=0&SUPD_URSA=1&TYPENC=D&CLIENT_PHPVER=7.1.11&NGINX=Y&dbv=5.7.21&instm=main%2C18.0.4%2CY%3Basd.iblock%2C4.6.8%2CN%3Bmessageservice%2C18.0.0%2CN%3Bsearch%2C17.6.0%2CN%3Bcompression%2C16.0.0%2CN%3Bclouds%2C18.0.0%2CN%3Brest%2C18.0.4%2CN%3Bbitrixcloud%2C17.5.0%2CN%3Bseo%2C18.1.0%2CN%3Blanding%2C18.4.21%2CN%3Biblock%2C17.6.8%2CN%3Bhighloadblock%2C17.5.1%2CN%3Bb24connector%2C18.0.0%2CN%3Bfileman%2C18.0.2%2CN%3Btranslate%2C16.0.0%2CN%3Bui%2C17.6.4%2CN%3Bsocialservices%2C18.0.0%2CN%3Bperfmon%2C17.0.1%2CN&reqm=asd.iblock&fullmoduleinfo=Y&SUPD_SRS=RU&SUPD_CMP=N
2018-09-04 16:12:58 -  - exec CUpdateClientPartner::GetHTTPPage
2018-09-04 16:12:58 -  - TIME GetUpdatesList(request) 0.319 sec
2018-09-04 16:12:58 -  - exec CUpdateClientPartner::ParseServerData
2018-09-04 16:13:09 -  - exec CUpdateClientPartner::GetUpdatesList
2018-09-04 16:13:09 -  - exec CUpdateClientPartner::__CollectRequestData
2018-09-04 16:13:09 -  - utf=Y&lang=ru&stable=Y&CANGZIP=Y&SUPD_DBS=MYSQL&XE=N&CLIENT_SITE=kargo24.su&LICENSE_KEY=X&SUPD_STS=1&SUPD_URS=0&SUPD_URSA=1&TYPENC=D&CLIENT_PHPVER=7.1.11&NGINX=Y&dbv=5.7.21&instm=main%2C18.0.4%2CY%3Basd.iblock%2C4.6.8%2CN%3Bmessageservice%2C18.0.0%2CN%3Bsearch%2C17.6.0%2CN%3Bcompression%2C16.0.0%2CN%3Bclouds%2C18.0.0%2CN%3Brest%2C18.0.4%2CN%3Bbitrixcloud%2C17.5.0%2CN%3Bseo%2C18.1.0%2CN%3Blanding%2C18.4.21%2CN%3Biblock%2C17.6.8%2CN%3Bhighloadblock%2C17.5.1%2CN%3Bb24connector%2C18.0.0%2CN%3Bfileman%2C18.0.2%2CN%3Btranslate%2C16.0.0%2CN%3Bui%2C17.6.4%2CN%3Bsocialservices%2C18.0.0%2CN%3Bperfmon%2C17.0.1%2CN&reqm=asd.iblock&fullmoduleinfo=Y&SUPD_SRS=RU&SUPD_CMP=N
2018-09-04 16:13:09 -  - exec CUpdateClientPartner::GetHTTPPage
2018-09-04 16:13:09 -  - TIME GetUpdatesList(request) 0.344 sec
2018-09-04 16:13:09 -  - exec CUpdateClientPartner::ParseServerData
2018-09-04 16:28:00 -  - exec CUpdateClientPartner::GetUpdatesList
2018-09-04 16:28:00 -  - exec CUpdateClientPartner::__CollectRequestData
2018-09-04 16:28:00 -  - utf=Y&lang=ru&stable=Y&CANGZIP=Y&SUPD_DBS=MYSQL&XE=N&CLIENT_SITE=kargo24.su&LICENSE_KEY=X&SUPD_STS=1&SUPD_URS=0&SUPD_URSA=1&TYPENC=D&CLIENT_PHPVER=7.1.11&NGINX=Y&dbv=5.7.21&instm=main%2C18.0.4%2CY%3Basd.iblock%2C4.6.8%2CN%3Bmessageservice%2C18.0.0%2CN%3Bsearch%2C17.6.0%2CN%3Bcompression%2C16.0.0%2CN%3Bclouds%2C18.0.0%2CN%3Brest%2C18.0.4%2CN%3Bbitrixcloud%2C17.5.0%2CN%3Bseo%2C18.1.0%2CN%3Blanding%2C18.4.21%2CN%3Biblock%2C17.6.8%2CN%3Bhighloadblock%2C17.5.1%2CN%3Bb24connector%2C18.0.0%2CN%3Bfileman%2C18.0.2%2CN%3Btranslate%2C16.0.0%2CN%3Bui%2C17.6.4%2CN%3Bsocialservices%2C18.0.0%2CN%3Bperfmon%2C17.0.1%2CN&reqm=asd.iblock&fullmoduleinfo=Y&SUPD_SRS=RU&SUPD_CMP=N
2018-09-04 16:28:00 -  - exec CUpdateClientPartner::GetHTTPPage
2018-09-04 16:28:02 -  - TIME GetUpdatesList(request) 1.293 sec
2018-09-04 16:28:02 -  - exec CUpdateClientPartner::ParseServerData
2018-09-04 16:28:05 -  - exec CUpdateClientPartner::GetUpdatesList
2018-09-04 16:28:05 -  - exec CUpdateClientPartner::__CollectRequestData
2018-09-04 16:28:05 -  - utf=Y&lang=ru&stable=Y&CANGZIP=Y&SUPD_DBS=MYSQL&XE=N&CLIENT_SITE=kargo24.su&LICENSE_KEY=X&SUPD_STS=1&SUPD_URS=0&SUPD_URSA=1&TYPENC=D&CLIENT_PHPVER=7.1.11&NGINX=Y&dbv=5.7.21&instm=main%2C18.0.4%2CY%3Basd.iblock%2C4.6.8%2CN%3Bmessageservice%2C18.0.0%2CN%3Bsearch%2C17.6.0%2CN%3Bcompression%2C16.0.0%2CN%3Bclouds%2C18.0.0%2CN%3Brest%2C18.0.4%2CN%3Bbitrixcloud%2C17.5.0%2CN%3Bseo%2C18.1.0%2CN%3Blanding%2C18.4.21%2CN%3Biblock%2C17.6.8%2CN%3Bhighloadblock%2C17.5.1%2CN%3Bb24connector%2C18.0.0%2CN%3Bfileman%2C18.0.2%2CN%3Btranslate%2C16.0.0%2CN%3Bui%2C17.6.4%2CN%3Bsocialservices%2C18.0.0%2CN%3Bperfmon%2C17.0.1%2CN&reqm=asd.iblock&fullmoduleinfo=Y&SUPD_SRS=RU&SUPD_CMP=N
2018-09-04 16:28:05 -  - exec CUpdateClientPartner::GetHTTPPage
2018-09-04 16:28:06 -  - TIME GetUpdatesList(request) 0.702 sec
2018-09-04 16:28:06 -  - exec CUpdateClientPartner::ParseServerData
2018-09-04 16:28:07 -  - exec CUpdateClientPartner::GetUpdatesList
2018-09-04 16:28:07 -  - exec CUpdateClientPartner::__CollectRequestData
2018-09-04 16:28:07 -  - utf=Y&lang=ru&stable=Y&CANGZIP=Y&SUPD_DBS=MYSQL&XE=N&CLIENT_SITE=kargo24.su&LICENSE_KEY=X&SUPD_STS=1&SUPD_URS=0&SUPD_URSA=1&TYPENC=D&CLIENT_PHPVER=7.1.11&NGINX=Y&dbv=5.7.21&instm=main%2C18.0.4%2CY%3Basd.iblock%2C4.6.8%2CN%3Bmessageservice%2C18.0.0%2CN%3Bsearch%2C17.6.0%2CN%3Bcompression%2C16.0.0%2CN%3Bclouds%2C18.0.0%2CN%3Brest%2C18.0.4%2CN%3Bbitrixcloud%2C17.5.0%2CN%3Bseo%2C18.1.0%2CN%3Blanding%2C18.4.21%2CN%3Biblock%2C17.6.8%2CN%3Bhighloadblock%2C17.5.1%2CN%3Bb24connector%2C18.0.0%2CN%3Bfileman%2C18.0.2%2CN%3Btranslate%2C16.0.0%2CN%3Bui%2C17.6.4%2CN%3Bsocialservices%2C18.0.0%2CN%3Bperfmon%2C17.0.1%2CN&reqm=asd.iblock&fullmoduleinfo=Y&SUPD_SRS=RU&SUPD_CMP=N
2018-09-04 16:28:07 -  - exec CUpdateClientPartner::GetHTTPPage
2018-09-04 16:28:08 -  - TIME GetUpdatesList(request) 0.322 sec
2018-09-04 16:28:08 -  - exec CUpdateClientPartner::ParseServerData
2018-09-04 16:28:13 -  - exec CUpdateClientPartner::GetUpdatesList
2018-09-04 16:28:13 -  - exec CUpdateClientPartner::__CollectRequestData
2018-09-04 16:28:13 -  - utf=Y&lang=ru&stable=Y&CANGZIP=Y&SUPD_DBS=MYSQL&XE=N&CLIENT_SITE=kargo24.su&LICENSE_KEY=X&SUPD_STS=1&SUPD_URS=0&SUPD_URSA=1&TYPENC=D&CLIENT_PHPVER=7.1.11&NGINX=Y&dbv=5.7.21&instm=main%2C18.0.4%2CY%3Basd.iblock%2C4.6.8%2CN%3Bmessageservice%2C18.0.0%2CN%3Bsearch%2C17.6.0%2CN%3Bcompression%2C16.0.0%2CN%3Bclouds%2C18.0.0%2CN%3Brest%2C18.0.4%2CN%3Bbitrixcloud%2C17.5.0%2CN%3Bseo%2C18.1.0%2CN%3Blanding%2C18.4.21%2CN%3Biblock%2C17.6.8%2CN%3Bhighloadblock%2C17.5.1%2CN%3Bb24connector%2C18.0.0%2CN%3Bfileman%2C18.0.2%2CN%3Btranslate%2C16.0.0%2CN%3Bui%2C17.6.4%2CN%3Bsocialservices%2C18.0.0%2CN%3Bperfmon%2C17.0.1%2CN&reqm=asd.iblock&fullmoduleinfo=Y&SUPD_SRS=RU&SUPD_CMP=N
2018-09-04 16:28:13 -  - exec CUpdateClientPartner::GetHTTPPage
2018-09-04 16:28:13 -  - TIME GetUpdatesList(request) 0.29 sec
2018-09-04 16:28:13 -  - exec CUpdateClientPartner::ParseServerData
2018-09-04 16:28:13 -  - exec CUpdateClientPartner::GetUpdatesList
2018-09-04 16:28:13 -  - exec CUpdateClientPartner::__CollectRequestData
2018-09-04 16:28:13 -  - utf=Y&lang=ru&stable=Y&CANGZIP=Y&SUPD_DBS=MYSQL&XE=N&CLIENT_SITE=kargo24.su&LICENSE_KEY=X&SUPD_STS=1&SUPD_URS=0&SUPD_URSA=1&TYPENC=D&CLIENT_PHPVER=7.1.11&NGINX=Y&dbv=5.7.21&instm=main%2C18.0.4%2CY%3Bmessageservice%2C18.0.0%2CN%3Bsearch%2C17.6.0%2CN%3Bcompression%2C16.0.0%2CN%3Bclouds%2C18.0.0%2CN%3Brest%2C18.0.4%2CN%3Bbitrixcloud%2C17.5.0%2CN%3Bseo%2C18.1.0%2CN%3Blanding%2C18.4.21%2CN%3Biblock%2C17.6.8%2CN%3Bhighloadblock%2C17.5.1%2CN%3Bb24connector%2C18.0.0%2CN%3Bfileman%2C18.0.2%2CN%3Btranslate%2C16.0.0%2CN%3Bui%2C17.6.4%2CN%3Bsocialservices%2C18.0.0%2CN%3Bperfmon%2C17.0.1%2CN&fullmoduleinfo=Y&SUPD_SRS=RU&SUPD_CMP=N
2018-09-04 16:28:13 -  - exec CUpdateClientPartner::GetHTTPPage
2018-09-04 16:28:13 -  - TIME GetUpdatesList(request) 0.332 sec
2018-09-04 16:28:13 -  - exec CUpdateClientPartner::ParseServerData
2018-09-04 16:39:23 -  - exec CUpdateClientPartner::GetUpdatesList
2018-09-04 16:39:23 -  - exec CUpdateClientPartner::__CollectRequestData
2018-09-04 16:39:23 -  - utf=Y&lang=ru&stable=Y&CANGZIP=Y&SUPD_DBS=MYSQL&XE=N&CLIENT_SITE=kargo24.su&LICENSE_KEY=X&SUPD_STS=1&SUPD_URS=0&SUPD_URSA=1&TYPENC=D&CLIENT_PHPVER=7.1.11&NGINX=Y&dbv=5.7.21&instm=main%2C18.0.4%2CY%3Bmessageservice%2C18.0.0%2CN%3Bsearch%2C17.6.0%2CN%3Bcompression%2C16.0.0%2CN%3Bclouds%2C18.0.0%2CN%3Brest%2C18.0.4%2CN%3Bbitrixcloud%2C17.5.0%2CN%3Bseo%2C18.1.0%2CN%3Blanding%2C18.4.21%2CN%3Biblock%2C17.6.8%2CN%3Bhighloadblock%2C17.5.1%2CN%3Bb24connector%2C18.0.0%2CN%3Bfileman%2C18.0.2%2CN%3Btranslate%2C16.0.0%2CN%3Bui%2C17.6.4%2CN%3Bsocialservices%2C18.0.0%2CN%3Bperfmon%2C17.0.1%2CN&reqm=asd.iblock&SUPD_SRS=RU&SUPD_CMP=N
2018-09-04 16:39:23 -  - exec CUpdateClientPartner::GetHTTPPage
2018-09-04 16:39:24 -  - TIME GetUpdatesList(request) 1.021 sec
2018-09-04 16:39:24 -  - exec CUpdateClientPartner::ParseServerData
2018-09-06 17:43:42 -  - exec CUpdateClientPartner::__CollectRequestData
2018-09-06 17:43:42 -  - exec CUpdateClientPartner::GetHTTPPage
2018-09-06 17:43:42 -  - exec CUpdateClientPartner::ParseServerData
2018-09-06 17:43:42 -  - exec CUpdateClientPartner::GetUpdatesList
2018-09-06 17:43:42 -  - exec CUpdateClientPartner::__CollectRequestData
2018-09-06 17:43:42 -  - utf=Y&lang=ru&stable=Y&CANGZIP=Y&SUPD_DBS=MYSQL&XE=N&CLIENT_SITE=kargo24.su&LICENSE_KEY=X&SUPD_STS=1&SUPD_URS=0&SUPD_URSA=1&TYPENC=D&CLIENT_PHPVER=7.1.11&NGINX=Y&dbv=5.7.21&instm=main%2C18.0.4%2CY%3Bsotbit.seometa%2C1.4.4%2CN%3Bmessageservice%2C18.0.0%2CN%3Bsearch%2C17.6.0%2CN%3Bcompression%2C16.0.0%2CN%3Bclouds%2C18.0.0%2CN%3Brest%2C18.0.4%2CN%3Bbitrixcloud%2C17.5.0%2CN%3Bseo%2C18.1.0%2CN%3Blanding%2C18.4.21%2CN%3Biblock%2C17.6.8%2CN%3Bhighloadblock%2C17.5.1%2CN%3Bb24connector%2C18.0.0%2CN%3Bsection.city%2C1.0.0%2CN%3Bfileman%2C18.0.2%2CN%3Btranslate%2C16.0.0%2CN%3Bui%2C17.6.4%2CN%3Bsocialservices%2C18.0.0%2CN%3Bperfmon%2C17.0.1%2CN&reqm=sotbit.seometa%2Csection.city&fullmoduleinfo=Y&SUPD_SRS=RU&SUPD_CMP=N
2018-09-06 17:43:42 -  - exec CUpdateClientPartner::GetHTTPPage
2018-09-06 17:43:43 -  - TIME GetUpdatesList(request) 0.279 sec
2018-09-06 17:43:43 -  - exec CUpdateClientPartner::ParseServerData
2018-09-06 17:43:43 -  - exec CUpdateClientPartner::__CollectRequestData
2018-09-06 17:43:43 -  - exec CUpdateClientPartner::GetHTTPPage
2018-09-06 17:43:43 -  - exec CUpdateClientPartner::ParseServerData
2018-09-06 17:44:59 -  - exec CUpdateClientPartner::GetUpdatesList
2018-09-06 17:44:59 -  - exec CUpdateClientPartner::__CollectRequestData
2018-09-06 17:44:59 -  - utf=Y&lang=ru&stable=Y&CANGZIP=Y&SUPD_DBS=MYSQL&XE=N&CLIENT_SITE=kargo24.su&LICENSE_KEY=X&SUPD_STS=1&SUPD_URS=0&SUPD_URSA=1&TYPENC=D&CLIENT_PHPVER=7.1.11&NGINX=Y&dbv=5.7.21&instm=main%2C18.0.4%2CY%3Bsotbit.seometa%2C1.4.4%2CN%3Bmessageservice%2C18.0.0%2CN%3Bsearch%2C17.6.0%2CN%3Bcompression%2C16.0.0%2CN%3Bclouds%2C18.0.0%2CN%3Brest%2C18.0.4%2CN%3Bbitrixcloud%2C17.5.0%2CN%3Bseo%2C18.1.0%2CN%3Blanding%2C18.4.21%2CN%3Biblock%2C17.6.8%2CN%3Bhighloadblock%2C17.5.1%2CN%3Bb24connector%2C18.0.0%2CN%3Bsection.city%2C1.0.0%2CN%3Bfileman%2C18.0.2%2CN%3Btranslate%2C16.0.0%2CN%3Bui%2C17.6.4%2CN%3Bsocialservices%2C18.0.0%2CN%3Bperfmon%2C17.0.1%2CN&reqm=sotbit.seometa%2Csection.city&fullmoduleinfo=Y&SUPD_SRS=RU&SUPD_CMP=N
2018-09-06 17:44:59 -  - exec CUpdateClientPartner::GetHTTPPage
2018-09-06 17:44:59 -  - TIME GetUpdatesList(request) 0.298 sec
2018-09-06 17:44:59 -  - exec CUpdateClientPartner::ParseServerData
2018-09-06 17:45:01 -  - exec CUpdateClientPartner::GetUpdatesList
2018-09-06 17:45:01 -  - exec CUpdateClientPartner::__CollectRequestData
2018-09-06 17:45:01 -  - utf=Y&lang=ru&stable=Y&CANGZIP=Y&SUPD_DBS=MYSQL&XE=N&CLIENT_SITE=kargo24.su&LICENSE_KEY=X&SUPD_STS=1&SUPD_URS=0&SUPD_URSA=1&TYPENC=D&CLIENT_PHPVER=7.1.11&NGINX=Y&dbv=5.7.21&instm=main%2C18.0.4%2CY%3Bsotbit.seometa%2C1.4.4%2CN%3Bmessageservice%2C18.0.0%2CN%3Bsearch%2C17.6.0%2CN%3Bcompression%2C16.0.0%2CN%3Bclouds%2C18.0.0%2CN%3Brest%2C18.0.4%2CN%3Bbitrixcloud%2C17.5.0%2CN%3Bseo%2C18.1.0%2CN%3Blanding%2C18.4.21%2CN%3Biblock%2C17.6.8%2CN%3Bhighloadblock%2C17.5.1%2CN%3Bb24connector%2C18.0.0%2CN%3Bsection.city%2C1.0.0%2CN%3Bfileman%2C18.0.2%2CN%3Btranslate%2C16.0.0%2CN%3Bui%2C17.6.4%2CN%3Bsocialservices%2C18.0.0%2CN%3Bperfmon%2C17.0.1%2CN&reqm=sotbit.seometa%2Csection.city&fullmoduleinfo=Y&SUPD_SRS=RU&SUPD_CMP=N
2018-09-06 17:45:01 -  - exec CUpdateClientPartner::GetHTTPPage
2018-09-06 17:45:02 -  - TIME GetUpdatesList(request) 0.529 sec
2018-09-06 17:45:02 -  - exec CUpdateClientPartner::ParseServerData
2018-09-06 17:45:04 -  - exec CUpdateClientPartner::GetUpdatesList
2018-09-06 17:45:04 -  - exec CUpdateClientPartner::__CollectRequestData
2018-09-06 17:45:04 -  - utf=Y&lang=ru&stable=Y&CANGZIP=Y&SUPD_DBS=MYSQL&XE=N&CLIENT_SITE=kargo24.su&LICENSE_KEY=X&SUPD_STS=1&SUPD_URS=0&SUPD_URSA=1&TYPENC=D&CLIENT_PHPVER=7.1.11&NGINX=Y&dbv=5.7.21&instm=main%2C18.0.4%2CY%3Bsotbit.seometa%2C1.4.4%2CN%3Bmessageservice%2C18.0.0%2CN%3Bsearch%2C17.6.0%2CN%3Bcompression%2C16.0.0%2CN%3Bclouds%2C18.0.0%2CN%3Brest%2C18.0.4%2CN%3Bbitrixcloud%2C17.5.0%2CN%3Bseo%2C18.1.0%2CN%3Blanding%2C18.4.21%2CN%3Biblock%2C17.6.8%2CN%3Bhighloadblock%2C17.5.1%2CN%3Bb24connector%2C18.0.0%2CN%3Bsection.city%2C1.0.0%2CN%3Bfileman%2C18.0.2%2CN%3Btranslate%2C16.0.0%2CN%3Bui%2C17.6.4%2CN%3Bsocialservices%2C18.0.0%2CN%3Bperfmon%2C17.0.1%2CN&reqm=sotbit.seometa%2Csection.city&fullmoduleinfo=Y&SUPD_SRS=RU&SUPD_CMP=N
2018-09-06 17:45:04 -  - exec CUpdateClientPartner::GetHTTPPage
2018-09-06 17:45:04 -  - TIME GetUpdatesList(request) 0.307 sec
2018-09-06 17:45:04 -  - exec CUpdateClientPartner::ParseServerData
2018-09-06 17:45:06 -  - exec CUpdateClientPartner::GetUpdatesList
2018-09-06 17:45:06 -  - exec CUpdateClientPartner::__CollectRequestData
2018-09-06 17:45:06 -  - utf=Y&lang=ru&stable=Y&CANGZIP=Y&SUPD_DBS=MYSQL&XE=N&CLIENT_SITE=kargo24.su&LICENSE_KEY=X&SUPD_STS=1&SUPD_URS=0&SUPD_URSA=1&TYPENC=D&CLIENT_PHPVER=7.1.11&NGINX=Y&dbv=5.7.21&instm=main%2C18.0.4%2CY%3Bsotbit.seometa%2C1.4.4%2CN%3Bmessageservice%2C18.0.0%2CN%3Bsearch%2C17.6.0%2CN%3Bcompression%2C16.0.0%2CN%3Bclouds%2C18.0.0%2CN%3Brest%2C18.0.4%2CN%3Bbitrixcloud%2C17.5.0%2CN%3Bseo%2C18.1.0%2CN%3Blanding%2C18.4.21%2CN%3Biblock%2C17.6.8%2CN%3Bhighloadblock%2C17.5.1%2CN%3Bb24connector%2C18.0.0%2CN%3Bsection.city%2C1.0.0%2CN%3Bfileman%2C18.0.2%2CN%3Btranslate%2C16.0.0%2CN%3Bui%2C17.6.4%2CN%3Bsocialservices%2C18.0.0%2CN%3Bperfmon%2C17.0.1%2CN&reqm=sotbit.seometa%2Csection.city&fullmoduleinfo=Y&SUPD_SRS=RU&SUPD_CMP=N
2018-09-06 17:45:06 -  - exec CUpdateClientPartner::GetHTTPPage
2018-09-06 17:45:06 -  - TIME GetUpdatesList(request) 0.273 sec
2018-09-06 17:45:06 -  - exec CUpdateClientPartner::ParseServerData
2018-09-06 17:45:08 -  - exec CUpdateClientPartner::GetUpdatesList
2018-09-06 17:45:08 -  - exec CUpdateClientPartner::__CollectRequestData
2018-09-06 17:45:08 -  - utf=Y&lang=ru&stable=Y&CANGZIP=Y&SUPD_DBS=MYSQL&XE=N&CLIENT_SITE=kargo24.su&LICENSE_KEY=X&SUPD_STS=1&SUPD_URS=0&SUPD_URSA=1&TYPENC=D&CLIENT_PHPVER=7.1.11&NGINX=Y&dbv=5.7.21&instm=main%2C18.0.4%2CY%3Bsotbit.seometa%2C1.4.4%2CN%3Bmessageservice%2C18.0.0%2CN%3Bsearch%2C17.6.0%2CN%3Bcompression%2C16.0.0%2CN%3Bclouds%2C18.0.0%2CN%3Brest%2C18.0.4%2CN%3Bbitrixcloud%2C17.5.0%2CN%3Bseo%2C18.1.0%2CN%3Blanding%2C18.4.21%2CN%3Biblock%2C17.6.8%2CN%3Bhighloadblock%2C17.5.1%2CN%3Bb24connector%2C18.0.0%2CN%3Bsection.city%2C1.0.0%2CN%3Bfileman%2C18.0.2%2CN%3Btranslate%2C16.0.0%2CN%3Bui%2C17.6.4%2CN%3Bsocialservices%2C18.0.0%2CN%3Bperfmon%2C17.0.1%2CN&reqm=sotbit.seometa%2Csection.city&fullmoduleinfo=Y&SUPD_SRS=RU&SUPD_CMP=N
2018-09-06 17:45:08 -  - exec CUpdateClientPartner::GetHTTPPage
2018-09-06 17:45:08 -  - TIME GetUpdatesList(request) 0.287 sec
2018-09-06 17:45:08 -  - exec CUpdateClientPartner::ParseServerData
2018-09-06 17:50:36 -  - exec CUpdateClientPartner::GetUpdatesList
2018-09-06 17:50:36 -  - exec CUpdateClientPartner::__CollectRequestData
2018-09-06 17:50:36 -  - utf=Y&lang=ru&stable=Y&CANGZIP=Y&SUPD_DBS=MYSQL&XE=N&CLIENT_SITE=kargo24.su&LICENSE_KEY=X&SUPD_STS=1&SUPD_URS=0&SUPD_URSA=1&TYPENC=D&CLIENT_PHPVER=7.1.11&NGINX=Y&dbv=5.7.21&instm=main%2C18.0.4%2CY%3Bsotbit.seometa%2C1.4.4%2CN%3Bmessageservice%2C18.0.0%2CN%3Bsearch%2C17.6.0%2CN%3Bcompression%2C16.0.0%2CN%3Bclouds%2C18.0.0%2CN%3Brest%2C18.0.4%2CN%3Bbitrixcloud%2C17.5.0%2CN%3Bseo%2C18.1.0%2CN%3Blanding%2C18.4.21%2CN%3Biblock%2C17.6.8%2CN%3Bhighloadblock%2C17.5.1%2CN%3Bb24connector%2C18.0.0%2CN%3Bsection.city%2C1.0.0%2CN%3Bfileman%2C18.0.2%2CN%3Btranslate%2C16.0.0%2CN%3Bui%2C17.6.4%2CN%3Bsocialservices%2C18.0.0%2CN%3Bperfmon%2C17.0.1%2CN&reqm=sotbit.seometa%2Csection.city&fullmoduleinfo=Y&SUPD_SRS=RU&SUPD_CMP=N
2018-09-06 17:50:36 -  - exec CUpdateClientPartner::GetHTTPPage
2018-09-06 17:50:36 -  - TIME GetUpdatesList(request) 0.278 sec
2018-09-06 17:50:36 -  - exec CUpdateClientPartner::ParseServerData
